{"C:\\Users\\alexc\\OneDrive\\Desktop\\VibeCoder\\vibe-coder\\src\\App.tsx": {"path":"C:\\Users\\alexc\\OneDrive\\Desktop\\VibeCoder\\vibe-coder\\src\\App.tsx","all":true,"statementMap":{"0":{"start":{"line":1,"column":0},"end":{"line":1,"column":65}},"1":{"start":{"line":2,"column":0},"end":{"line":2,"column":55}},"3":{"start":{"line":4,"column":0},"end":{"line":4,"column":44}},"4":{"start":{"line":5,"column":0},"end":{"line":5,"column":8}},"10":{"start":{"line":11,"column":0},"end":{"line":11,"column":54}},"11":{"start":{"line":12,"column":0},"end":{"line":12,"column":50}},"12":{"start":{"line":13,"column":0},"end":{"line":13,"column":62}},"13":{"start":{"line":14,"column":0},"end":{"line":14,"column":65}},"14":{"start":{"line":15,"column":0},"end":{"line":15,"column":43}},"15":{"start":{"line":16,"column":0},"end":{"line":16,"column":53}},"16":{"start":{"line":17,"column":0},"end":{"line":17,"column":51}},"17":{"start":{"line":18,"column":0},"end":{"line":18,"column":39}},"18":{"start":{"line":19,"column":0},"end":{"line":19,"column":62}},"19":{"start":{"line":20,"column":0},"end":{"line":20,"column":62}},"20":{"start":{"line":21,"column":0},"end":{"line":21,"column":66}},"21":{"start":{"line":22,"column":0},"end":{"line":22,"column":64}},"22":{"start":{"line":23,"column":0},"end":{"line":23,"column":60}},"23":{"start":{"line":24,"column":0},"end":{"line":24,"column":64}},"24":{"start":{"line":25,"column":0},"end":{"line":25,"column":58}},"25":{"start":{"line":26,"column":0},"end":{"line":26,"column":60}},"26":{"start":{"line":27,"column":0},"end":{"line":27,"column":66}},"27":{"start":{"line":28,"column":0},"end":{"line":28,"column":70}},"28":{"start":{"line":29,"column":0},"end":{"line":29,"column":64}},"29":{"start":{"line":30,"column":0},"end":{"line":30,"column":58}},"30":{"start":{"line":31,"column":0},"end":{"line":31,"column":56}},"31":{"start":{"line":32,"column":0},"end":{"line":32,"column":44}},"32":{"start":{"line":33,"column":0},"end":{"line":33,"column":43}},"33":{"start":{"line":34,"column":0},"end":{"line":34,"column":64}},"34":{"start":{"line":35,"column":0},"end":{"line":35,"column":52}},"35":{"start":{"line":36,"column":0},"end":{"line":36,"column":50}},"36":{"start":{"line":37,"column":0},"end":{"line":37,"column":48}},"37":{"start":{"line":38,"column":0},"end":{"line":38,"column":68}},"38":{"start":{"line":39,"column":0},"end":{"line":39,"column":66}},"39":{"start":{"line":40,"column":0},"end":{"line":40,"column":65}},"40":{"start":{"line":41,"column":0},"end":{"line":41,"column":63}},"42":{"start":{"line":43,"column":0},"end":{"line":43,"column":55}},"43":{"start":{"line":44,"column":0},"end":{"line":44,"column":24}},"44":{"start":{"line":45,"column":0},"end":{"line":45,"column":24}},"45":{"start":{"line":46,"column":0},"end":{"line":46,"column":28}},"46":{"start":{"line":47,"column":0},"end":{"line":47,"column":26}},"47":{"start":{"line":48,"column":0},"end":{"line":48,"column":26}},"48":{"start":{"line":49,"column":0},"end":{"line":49,"column":26}},"49":{"start":{"line":50,"column":0},"end":{"line":50,"column":22}},"50":{"start":{"line":51,"column":0},"end":{"line":51,"column":22}},"51":{"start":{"line":52,"column":0},"end":{"line":52,"column":20}},"52":{"start":{"line":53,"column":0},"end":{"line":53,"column":22}},"53":{"start":{"line":54,"column":0},"end":{"line":54,"column":28}},"54":{"start":{"line":55,"column":0},"end":{"line":55,"column":2}},"56":{"start":{"line":57,"column":0},"end":{"line":57,"column":31}},"57":{"start":{"line":58,"column":0},"end":{"line":58,"column":52}},"58":{"start":{"line":59,"column":0},"end":{"line":59,"column":60}},"59":{"start":{"line":60,"column":0},"end":{"line":60,"column":26}},"60":{"start":{"line":61,"column":0},"end":{"line":61,"column":4}},"61":{"start":{"line":62,"column":0},"end":{"line":62,"column":79}},"62":{"start":{"line":63,"column":0},"end":{"line":63,"column":57}},"63":{"start":{"line":64,"column":0},"end":{"line":64,"column":46}},"64":{"start":{"line":65,"column":0},"end":{"line":65,"column":62}},"65":{"start":{"line":66,"column":0},"end":{"line":66,"column":50}},"66":{"start":{"line":67,"column":0},"end":{"line":67,"column":5}},"68":{"start":{"line":69,"column":0},"end":{"line":69,"column":47}},"69":{"start":{"line":70,"column":0},"end":{"line":70,"column":47}},"70":{"start":{"line":71,"column":0},"end":{"line":71,"column":63}},"71":{"start":{"line":72,"column":0},"end":{"line":72,"column":9}},"73":{"start":{"line":74,"column":0},"end":{"line":74,"column":38}},"74":{"start":{"line":75,"column":0},"end":{"line":75,"column":58}},"75":{"start":{"line":76,"column":0},"end":{"line":76,"column":36}},"76":{"start":{"line":77,"column":0},"end":{"line":77,"column":28}},"77":{"start":{"line":78,"column":0},"end":{"line":78,"column":31}},"78":{"start":{"line":79,"column":0},"end":{"line":79,"column":30}},"79":{"start":{"line":80,"column":0},"end":{"line":80,"column":22}},"80":{"start":{"line":81,"column":0},"end":{"line":81,"column":11}},"81":{"start":{"line":82,"column":0},"end":{"line":82,"column":14}},"82":{"start":{"line":83,"column":0},"end":{"line":83,"column":20}},"83":{"start":{"line":84,"column":0},"end":{"line":84,"column":25}},"84":{"start":{"line":85,"column":0},"end":{"line":85,"column":7}},"85":{"start":{"line":86,"column":0},"end":{"line":86,"column":6}},"86":{"start":{"line":87,"column":0},"end":{"line":87,"column":7}},"87":{"start":{"line":88,"column":0},"end":{"line":88,"column":4}},"89":{"start":{"line":90,"column":0},"end":{"line":90,"column":39}},"90":{"start":{"line":91,"column":0},"end":{"line":91,"column":24}},"91":{"start":{"line":92,"column":0},"end":{"line":92,"column":42}},"93":{"start":{"line":94,"column":0},"end":{"line":94,"column":53}},"94":{"start":{"line":95,"column":0},"end":{"line":95,"column":67}},"95":{"start":{"line":96,"column":0},"end":{"line":96,"column":24}},"97":{"start":{"line":98,"column":0},"end":{"line":98,"column":9}},"98":{"start":{"line":99,"column":0},"end":{"line":99,"column":18}},"99":{"start":{"line":100,"column":0},"end":{"line":100,"column":22}},"100":{"start":{"line":101,"column":0},"end":{"line":101,"column":18}},"101":{"start":{"line":102,"column":0},"end":{"line":102,"column":24}},"102":{"start":{"line":103,"column":0},"end":{"line":103,"column":28}},"103":{"start":{"line":104,"column":0},"end":{"line":104,"column":17}},"104":{"start":{"line":105,"column":0},"end":{"line":105,"column":23}},"106":{"start":{"line":107,"column":0},"end":{"line":107,"column":50}},"107":{"start":{"line":108,"column":0},"end":{"line":108,"column":19}},"109":{"start":{"line":110,"column":0},"end":{"line":110,"column":61}},"111":{"start":{"line":112,"column":0},"end":{"line":112,"column":55}},"113":{"start":{"line":114,"column":0},"end":{"line":114,"column":64}},"116":{"start":{"line":117,"column":0},"end":{"line":117,"column":19}},"117":{"start":{"line":118,"column":0},"end":{"line":118,"column":37}},"118":{"start":{"line":119,"column":0},"end":{"line":119,"column":22}},"119":{"start":{"line":120,"column":0},"end":{"line":120,"column":35}},"120":{"start":{"line":121,"column":0},"end":{"line":121,"column":56}},"121":{"start":{"line":122,"column":0},"end":{"line":122,"column":21}},"122":{"start":{"line":123,"column":0},"end":{"line":123,"column":15}},"123":{"start":{"line":124,"column":0},"end":{"line":124,"column":42}},"124":{"start":{"line":125,"column":0},"end":{"line":125,"column":6}},"125":{"start":{"line":126,"column":0},"end":{"line":126,"column":40}},"126":{"start":{"line":127,"column":0},"end":{"line":127,"column":45}},"127":{"start":{"line":128,"column":0},"end":{"line":128,"column":13}},"129":{"start":{"line":130,"column":0},"end":{"line":130,"column":49}},"130":{"start":{"line":131,"column":0},"end":{"line":131,"column":36}},"133":{"start":{"line":134,"column":0},"end":{"line":134,"column":33}},"134":{"start":{"line":135,"column":0},"end":{"line":135,"column":58}},"135":{"start":{"line":136,"column":0},"end":{"line":136,"column":19}},"136":{"start":{"line":137,"column":0},"end":{"line":137,"column":34}},"137":{"start":{"line":138,"column":0},"end":{"line":138,"column":47}},"138":{"start":{"line":139,"column":0},"end":{"line":139,"column":49}},"139":{"start":{"line":140,"column":0},"end":{"line":140,"column":74}},"140":{"start":{"line":141,"column":0},"end":{"line":141,"column":9}},"141":{"start":{"line":142,"column":0},"end":{"line":142,"column":9}},"142":{"start":{"line":143,"column":0},"end":{"line":143,"column":13}},"143":{"start":{"line":144,"column":0},"end":{"line":144,"column":35}},"144":{"start":{"line":145,"column":0},"end":{"line":145,"column":29}},"146":{"start":{"line":147,"column":0},"end":{"line":147,"column":37}},"147":{"start":{"line":148,"column":0},"end":{"line":148,"column":53}},"148":{"start":{"line":149,"column":0},"end":{"line":149,"column":28}},"149":{"start":{"line":150,"column":0},"end":{"line":150,"column":19}},"150":{"start":{"line":151,"column":0},"end":{"line":151,"column":40}},"151":{"start":{"line":152,"column":0},"end":{"line":152,"column":21}},"152":{"start":{"line":153,"column":0},"end":{"line":153,"column":76}},"153":{"start":{"line":154,"column":0},"end":{"line":154,"column":12}},"154":{"start":{"line":155,"column":0},"end":{"line":155,"column":16}},"155":{"start":{"line":156,"column":0},"end":{"line":156,"column":21}},"156":{"start":{"line":157,"column":0},"end":{"line":157,"column":23}},"157":{"start":{"line":158,"column":0},"end":{"line":158,"column":70}},"158":{"start":{"line":159,"column":0},"end":{"line":159,"column":63}},"159":{"start":{"line":160,"column":0},"end":{"line":160,"column":24}},"160":{"start":{"line":161,"column":0},"end":{"line":161,"column":16}},"161":{"start":{"line":162,"column":0},"end":{"line":162,"column":19}},"162":{"start":{"line":163,"column":0},"end":{"line":163,"column":21}},"163":{"start":{"line":164,"column":0},"end":{"line":164,"column":76}},"164":{"start":{"line":165,"column":0},"end":{"line":165,"column":12}},"165":{"start":{"line":166,"column":0},"end":{"line":166,"column":37}},"166":{"start":{"line":167,"column":0},"end":{"line":167,"column":16}},"167":{"start":{"line":168,"column":0},"end":{"line":168,"column":21}},"168":{"start":{"line":169,"column":0},"end":{"line":169,"column":75}},"169":{"start":{"line":170,"column":0},"end":{"line":170,"column":24}},"170":{"start":{"line":171,"column":0},"end":{"line":171,"column":16}},"171":{"start":{"line":172,"column":0},"end":{"line":172,"column":7}},"172":{"start":{"line":173,"column":0},"end":{"line":173,"column":6}},"173":{"start":{"line":174,"column":0},"end":{"line":174,"column":22}},"174":{"start":{"line":175,"column":0},"end":{"line":175,"column":4}},"176":{"start":{"line":177,"column":0},"end":{"line":177,"column":43}},"178":{"start":{"line":179,"column":0},"end":{"line":179,"column":52}},"179":{"start":{"line":180,"column":0},"end":{"line":180,"column":20}},"180":{"start":{"line":181,"column":0},"end":{"line":181,"column":10}},"181":{"start":{"line":182,"column":0},"end":{"line":182,"column":30}},"182":{"start":{"line":183,"column":0},"end":{"line":183,"column":11}},"183":{"start":{"line":184,"column":0},"end":{"line":184,"column":9}},"184":{"start":{"line":185,"column":0},"end":{"line":185,"column":15}},"185":{"start":{"line":186,"column":0},"end":{"line":186,"column":13}},"186":{"start":{"line":187,"column":0},"end":{"line":187,"column":16}},"187":{"start":{"line":188,"column":0},"end":{"line":188,"column":18}},"188":{"start":{"line":189,"column":0},"end":{"line":189,"column":10}},"189":{"start":{"line":190,"column":0},"end":{"line":190,"column":15}},"190":{"start":{"line":191,"column":0},"end":{"line":191,"column":11}},"191":{"start":{"line":192,"column":0},"end":{"line":192,"column":4}},"193":{"start":{"line":194,"column":0},"end":{"line":194,"column":10}},"194":{"start":{"line":195,"column":0},"end":{"line":195,"column":21}},"195":{"start":{"line":196,"column":0},"end":{"line":196,"column":33}},"196":{"start":{"line":197,"column":0},"end":{"line":197,"column":65}},"198":{"start":{"line":199,"column":0},"end":{"line":199,"column":62}},"199":{"start":{"line":200,"column":0},"end":{"line":200,"column":27}},"200":{"start":{"line":201,"column":0},"end":{"line":201,"column":30}},"201":{"start":{"line":202,"column":0},"end":{"line":202,"column":46}},"202":{"start":{"line":203,"column":0},"end":{"line":203,"column":10}},"204":{"start":{"line":205,"column":0},"end":{"line":205,"column":41}},"205":{"start":{"line":206,"column":0},"end":{"line":206,"column":63}},"206":{"start":{"line":207,"column":0},"end":{"line":207,"column":41}},"207":{"start":{"line":208,"column":0},"end":{"line":208,"column":62}},"208":{"start":{"line":209,"column":0},"end":{"line":209,"column":69}},"209":{"start":{"line":210,"column":0},"end":{"line":210,"column":44}},"210":{"start":{"line":211,"column":0},"end":{"line":211,"column":25}},"211":{"start":{"line":212,"column":0},"end":{"line":212,"column":33}},"212":{"start":{"line":213,"column":0},"end":{"line":213,"column":46}},"213":{"start":{"line":214,"column":0},"end":{"line":214,"column":14}},"214":{"start":{"line":215,"column":0},"end":{"line":215,"column":41}},"215":{"start":{"line":216,"column":0},"end":{"line":216,"column":35}},"216":{"start":{"line":217,"column":0},"end":{"line":217,"column":41}},"217":{"start":{"line":218,"column":0},"end":{"line":218,"column":25}},"218":{"start":{"line":219,"column":0},"end":{"line":219,"column":31}},"219":{"start":{"line":220,"column":0},"end":{"line":220,"column":46}},"220":{"start":{"line":221,"column":0},"end":{"line":221,"column":46}},"221":{"start":{"line":222,"column":0},"end":{"line":222,"column":44}},"222":{"start":{"line":223,"column":0},"end":{"line":223,"column":47}},"224":{"start":{"line":225,"column":0},"end":{"line":225,"column":49}},"225":{"start":{"line":226,"column":0},"end":{"line":226,"column":27}},"226":{"start":{"line":227,"column":0},"end":{"line":227,"column":30}},"227":{"start":{"line":228,"column":0},"end":{"line":228,"column":16}},"228":{"start":{"line":229,"column":0},"end":{"line":229,"column":15}},"229":{"start":{"line":230,"column":0},"end":{"line":230,"column":12}},"230":{"start":{"line":231,"column":0},"end":{"line":231,"column":22}},"232":{"start":{"line":233,"column":0},"end":{"line":233,"column":1}}},"s":{"0":0,"1":0,"3":0,"4":0,"10":0,"11":0,"12":0,"13":0,"14":0,"15":0,"16":0,"17":0,"18":0,"19":0,"20":0,"21":0,"22":0,"23":0,"24":0,"25":0,"26":0,"27":0,"28":0,"29":0,"30":0,"31":0,"32":0,"33":0,"34":0,"35":0,"36":0,"37":0,"38":0,"39":0,"40":0,"42":0,"43":0,"44":0,"45":0,"46":0,"47":0,"48":0,"49":0,"50":0,"51":0,"52":0,"53":0,"54":0,"56":0,"57":0,"58":0,"59":0,"60":0,"61":0,"62":0,"63":0,"64":0,"65":0,"66":0,"68":0,"69":0,"70":0,"71":0,"73":0,"74":0,"75":0,"76":0,"77":0,"78":0,"79":0,"80":0,"81":0,"82":0,"83":0,"84":0,"85":0,"86":0,"87":0,"89":0,"90":0,"91":0,"93":0,"94":0,"95":0,"97":0,"98":0,"99":0,"100":0,"101":0,"102":0,"103":0,"104":0,"106":0,"107":0,"109":0,"111":0,"113":0,"116":0,"117":0,"118":0,"119":0,"120":0,"121":0,"122":0,"123":0,"124":0,"125":0,"126":0,"127":0,"129":0,"130":0,"133":0,"134":0,"135":0,"136":0,"137":0,"138":0,"139":0,"140":0,"141":0,"142":0,"143":0,"144":0,"146":0,"147":0,"148":0,"149":0,"150":0,"151":0,"152":0,"153":0,"154":0,"155":0,"156":0,"157":0,"158":0,"159":0,"160":0,"161":0,"162":0,"163":0,"164":0,"165":0,"166":0,"167":0,"168":0,"169":0,"170":0,"171":0,"172":0,"173":0,"174":0,"176":0,"178":0,"179":0,"180":0,"181":0,"182":0,"183":0,"184":0,"185":0,"186":0,"187":0,"188":0,"189":0,"190":0,"191":0,"193":0,"194":0,"195":0,"196":0,"198":0,"199":0,"200":0,"201":0,"202":0,"204":0,"205":0,"206":0,"207":0,"208":0,"209":0,"210":0,"211":0,"212":0,"213":0,"214":0,"215":0,"216":0,"217":0,"218":0,"219":0,"220":0,"221":0,"222":0,"224":0,"225":0,"226":0,"227":0,"228":0,"229":0,"230":0,"232":0},"branchMap":{"0":{"type":"branch","line":1,"loc":{"start":{"line":1,"column":7732},"end":{"line":233,"column":1}},"locations":[{"start":{"line":1,"column":7732},"end":{"line":233,"column":1}}]}},"b":{"0":[0]},"fnMap":{"0":{"name":"(empty-report)","decl":{"start":{"line":1,"column":7732},"end":{"line":233,"column":1}},"loc":{"start":{"line":1,"column":7732},"end":{"line":233,"column":1}},"line":1}},"f":{"0":0}}
,"C:\\Users\\alexc\\OneDrive\\Desktop\\VibeCoder\\vibe-coder\\src\\main.tsx": {"path":"C:\\Users\\alexc\\OneDrive\\Desktop\\VibeCoder\\vibe-coder\\src\\main.tsx","all":true,"statementMap":{"0":{"start":{"line":1,"column":0},"end":{"line":1,"column":34}},"1":{"start":{"line":2,"column":0},"end":{"line":2,"column":45}},"2":{"start":{"line":3,"column":0},"end":{"line":3,"column":20}},"3":{"start":{"line":4,"column":0},"end":{"line":4,"column":27}},"4":{"start":{"line":5,"column":0},"end":{"line":5,"column":58}},"6":{"start":{"line":7,"column":0},"end":{"line":7,"column":52}},"7":{"start":{"line":8,"column":0},"end":{"line":8,"column":14}},"8":{"start":{"line":9,"column":0},"end":{"line":9,"column":19}},"9":{"start":{"line":10,"column":0},"end":{"line":10,"column":13}},"10":{"start":{"line":11,"column":0},"end":{"line":11,"column":20}},"11":{"start":{"line":12,"column":0},"end":{"line":12,"column":16}},"12":{"start":{"line":13,"column":0},"end":{"line":13,"column":1}}},"s":{"0":0,"1":0,"2":0,"3":0,"4":0,"6":0,"7":0,"8":0,"9":0,"10":0,"11":0,"12":0},"branchMap":{"0":{"type":"branch","line":1,"loc":{"start":{"line":1,"column":284},"end":{"line":13,"column":-229}},"locations":[{"start":{"line":1,"column":284},"end":{"line":13,"column":-229}}]}},"b":{"0":[0]},"fnMap":{"0":{"name":"(empty-report)","decl":{"start":{"line":1,"column":284},"end":{"line":13,"column":-229}},"loc":{"start":{"line":1,"column":284},"end":{"line":13,"column":-229}},"line":1}},"f":{"0":0}}
,"C:\\Users\\alexc\\OneDrive\\Desktop\\VibeCoder\\vibe-coder\\src\\components\\ErrorBoundary.tsx": {"path":"C:\\Users\\alexc\\OneDrive\\Desktop\\VibeCoder\\vibe-coder\\src\\components\\ErrorBoundary.tsx","all":false,"statementMap":{"0":{"start":{"line":1,"column":0},"end":{"line":1,"column":34}},"2":{"start":{"line":3,"column":0},"end":{"line":3,"column":45}},"12":{"start":{"line":13,"column":0},"end":{"line":13,"column":68}},"13":{"start":{"line":14,"column":0},"end":{"line":14,"column":37}},"15":{"start":{"line":16,"column":0},"end":{"line":16,"column":44}},"16":{"start":{"line":17,"column":0},"end":{"line":17,"column":30}},"17":{"start":{"line":18,"column":0},"end":{"line":18,"column":3}},"19":{"start":{"line":20,"column":0},"end":{"line":20,"column":52}},"20":{"start":{"line":21,"column":0},"end":{"line":21,"column":71}},"21":{"start":{"line":22,"column":0},"end":{"line":22,"column":3}},"23":{"start":{"line":24,"column":0},"end":{"line":24,"column":12}},"24":{"start":{"line":25,"column":0},"end":{"line":25,"column":30}},"25":{"start":{"line":26,"column":0},"end":{"line":26,"column":14}},"26":{"start":{"line":27,"column":0},"end":{"line":27,"column":89}},"27":{"start":{"line":28,"column":0},"end":{"line":28,"column":72}},"28":{"start":{"line":29,"column":0},"end":{"line":29,"column":77}},"29":{"start":{"line":30,"column":0},"end":{"line":30,"column":104}},"30":{"start":{"line":31,"column":0},"end":{"line":31,"column":77}},"32":{"start":{"line":33,"column":0},"end":{"line":33,"column":16}},"33":{"start":{"line":34,"column":0},"end":{"line":34,"column":19}},"34":{"start":{"line":35,"column":0},"end":{"line":35,"column":54}},"35":{"start":{"line":36,"column":0},"end":{"line":36,"column":168}},"36":{"start":{"line":37,"column":0},"end":{"line":37,"column":13}},"38":{"start":{"line":39,"column":0},"end":{"line":39,"column":21}},"39":{"start":{"line":40,"column":0},"end":{"line":40,"column":16}},"40":{"start":{"line":41,"column":0},"end":{"line":41,"column":14}},"42":{"start":{"line":43,"column":0},"end":{"line":43,"column":5}},"44":{"start":{"line":45,"column":0},"end":{"line":45,"column":31}},"45":{"start":{"line":46,"column":0},"end":{"line":46,"column":3}},"46":{"start":{"line":47,"column":0},"end":{"line":47,"column":1}}},"s":{"0":1,"2":1,"12":1,"13":1,"15":1,"16":4,"17":4,"19":1,"20":2,"21":2,"23":1,"24":9,"25":4,"26":4,"27":4,"28":4,"29":4,"30":4,"32":4,"33":4,"34":4,"35":4,"36":4,"38":4,"39":4,"40":4,"42":4,"44":5,"45":9,"46":1},"branchMap":{"0":{"type":"branch","line":14,"loc":{"start":{"line":14,"column":2},"end":{"line":14,"column":37}},"locations":[{"start":{"line":14,"column":2},"end":{"line":14,"column":37}}]},"1":{"type":"branch","line":16,"loc":{"start":{"line":16,"column":9},"end":{"line":18,"column":3}},"locations":[{"start":{"line":16,"column":9},"end":{"line":18,"column":3}}]},"2":{"type":"branch","line":20,"loc":{"start":{"line":20,"column":2},"end":{"line":22,"column":3}},"locations":[{"start":{"line":20,"column":2},"end":{"line":22,"column":3}}]},"3":{"type":"branch","line":24,"loc":{"start":{"line":24,"column":2},"end":{"line":46,"column":3}},"locations":[{"start":{"line":24,"column":2},"end":{"line":46,"column":3}}]},"4":{"type":"branch","line":25,"loc":{"start":{"line":25,"column":29},"end":{"line":43,"column":5}},"locations":[{"start":{"line":25,"column":29},"end":{"line":43,"column":5}}]},"5":{"type":"branch","line":43,"loc":{"start":{"line":43,"column":4},"end":{"line":45,"column":31}},"locations":[{"start":{"line":43,"column":4},"end":{"line":45,"column":31}}]}},"b":{"0":[5],"1":[4],"2":[2],"3":[9],"4":[4],"5":[5]},"fnMap":{"0":{"name":"<instance_members_initializer>","decl":{"start":{"line":14,"column":2},"end":{"line":14,"column":37}},"loc":{"start":{"line":14,"column":2},"end":{"line":14,"column":37}},"line":14},"1":{"name":"getDerivedStateFromError","decl":{"start":{"line":16,"column":9},"end":{"line":18,"column":3}},"loc":{"start":{"line":16,"column":9},"end":{"line":18,"column":3}},"line":16},"2":{"name":"componentDidCatch","decl":{"start":{"line":20,"column":2},"end":{"line":22,"column":3}},"loc":{"start":{"line":20,"column":2},"end":{"line":22,"column":3}},"line":20},"3":{"name":"render","decl":{"start":{"line":24,"column":2},"end":{"line":46,"column":3}},"loc":{"start":{"line":24,"column":2},"end":{"line":46,"column":3}},"line":24},"4":{"name":"onClick","decl":{"start":{"line":35,"column":23},"end":{"line":35,"column":54}},"loc":{"start":{"line":35,"column":23},"end":{"line":35,"column":54}},"line":35}},"f":{"0":5,"1":4,"2":2,"3":9,"4":0}}
,"C:\\Users\\alexc\\OneDrive\\Desktop\\VibeCoder\\vibe-coder\\src\\components\\OnboardingOverlay.tsx": {"path":"C:\\Users\\alexc\\OneDrive\\Desktop\\VibeCoder\\vibe-coder\\src\\components\\OnboardingOverlay.tsx","all":true,"statementMap":{"0":{"start":{"line":1,"column":0},"end":{"line":1,"column":55}},"6":{"start":{"line":7,"column":0},"end":{"line":7,"column":65}},"7":{"start":{"line":8,"column":0},"end":{"line":8,"column":10}},"8":{"start":{"line":9,"column":0},"end":{"line":9,"column":21}},"9":{"start":{"line":10,"column":0},"end":{"line":10,"column":17}},"10":{"start":{"line":11,"column":0},"end":{"line":11,"column":32}},"11":{"start":{"line":12,"column":0},"end":{"line":12,"column":32}},"12":{"start":{"line":13,"column":0},"end":{"line":13,"column":29}},"13":{"start":{"line":14,"column":0},"end":{"line":14,"column":38}},"14":{"start":{"line":15,"column":0},"end":{"line":15,"column":83}},"16":{"start":{"line":17,"column":0},"end":{"line":17,"column":19}},"17":{"start":{"line":18,"column":0},"end":{"line":18,"column":41}},"18":{"start":{"line":19,"column":0},"end":{"line":19,"column":40}},"19":{"start":{"line":20,"column":0},"end":{"line":20,"column":39}},"20":{"start":{"line":21,"column":0},"end":{"line":21,"column":52}},"21":{"start":{"line":22,"column":0},"end":{"line":22,"column":66}},"23":{"start":{"line":24,"column":0},"end":{"line":24,"column":20}},"24":{"start":{"line":25,"column":0},"end":{"line":25,"column":36}},"25":{"start":{"line":26,"column":0},"end":{"line":26,"column":36}},"26":{"start":{"line":27,"column":0},"end":{"line":27,"column":39}},"27":{"start":{"line":28,"column":0},"end":{"line":28,"column":75}},"28":{"start":{"line":29,"column":0},"end":{"line":29,"column":11}},"30":{"start":{"line":31,"column":0},"end":{"line":31,"column":22}},"31":{"start":{"line":32,"column":0},"end":{"line":32,"column":21}},"32":{"start":{"line":33,"column":0},"end":{"line":33,"column":36}},"33":{"start":{"line":34,"column":0},"end":{"line":34,"column":36}},"34":{"start":{"line":35,"column":0},"end":{"line":35,"column":39}},"35":{"start":{"line":36,"column":0},"end":{"line":36,"column":82}},"37":{"start":{"line":38,"column":0},"end":{"line":38,"column":75}},"38":{"start":{"line":39,"column":0},"end":{"line":39,"column":75}},"39":{"start":{"line":40,"column":0},"end":{"line":40,"column":23}},"40":{"start":{"line":41,"column":0},"end":{"line":41,"column":24}},"41":{"start":{"line":42,"column":0},"end":{"line":42,"column":36}},"42":{"start":{"line":43,"column":0},"end":{"line":43,"column":36}},"43":{"start":{"line":44,"column":0},"end":{"line":44,"column":39}},"44":{"start":{"line":45,"column":0},"end":{"line":45,"column":31}},"45":{"start":{"line":46,"column":0},"end":{"line":46,"column":169}},"46":{"start":{"line":47,"column":0},"end":{"line":47,"column":11}},"48":{"start":{"line":49,"column":0},"end":{"line":49,"column":26}},"49":{"start":{"line":50,"column":0},"end":{"line":50,"column":21}},"50":{"start":{"line":51,"column":0},"end":{"line":51,"column":19}},"51":{"start":{"line":52,"column":0},"end":{"line":52,"column":22}},"53":{"start":{"line":54,"column":0},"end":{"line":54,"column":1}}},"s":{"0":0,"6":0,"7":0,"8":0,"9":0,"10":0,"11":0,"12":0,"13":0,"14":0,"16":0,"17":0,"18":0,"19":0,"20":0,"21":0,"23":0,"24":0,"25":0,"26":0,"27":0,"28":0,"30":0,"31":0,"32":0,"33":0,"34":0,"35":0,"37":0,"38":0,"39":0,"40":0,"41":0,"42":0,"43":0,"44":0,"45":0,"46":0,"48":0,"49":0,"50":0,"51":0,"53":0},"branchMap":{"0":{"type":"branch","line":1,"loc":{"start":{"line":1,"column":1882},"end":{"line":54,"column":1}},"locations":[{"start":{"line":1,"column":1882},"end":{"line":54,"column":1}}]}},"b":{"0":[0]},"fnMap":{"0":{"name":"(empty-report)","decl":{"start":{"line":1,"column":1882},"end":{"line":54,"column":1}},"loc":{"start":{"line":1,"column":1882},"end":{"line":54,"column":1}},"line":1}},"f":{"0":0}}
,"C:\\Users\\alexc\\OneDrive\\Desktop\\VibeCoder\\vibe-coder\\src\\components\\ResourceBar.tsx": {"path":"C:\\Users\\alexc\\OneDrive\\Desktop\\VibeCoder\\vibe-coder\\src\\components\\ResourceBar.tsx","all":true,"statementMap":{"0":{"start":{"line":1,"column":0},"end":{"line":1,"column":31}},"1":{"start":{"line":2,"column":0},"end":{"line":2,"column":55}},"3":{"start":{"line":4,"column":0},"end":{"line":4,"column":60}},"4":{"start":{"line":5,"column":0},"end":{"line":5,"column":49}},"5":{"start":{"line":6,"column":0},"end":{"line":6,"column":48}},"7":{"start":{"line":8,"column":0},"end":{"line":8,"column":70}},"8":{"start":{"line":9,"column":0},"end":{"line":9,"column":32}},"9":{"start":{"line":10,"column":0},"end":{"line":10,"column":165}},"10":{"start":{"line":11,"column":0},"end":{"line":11,"column":185}},"11":{"start":{"line":12,"column":0},"end":{"line":12,"column":167}},"13":{"start":{"line":14,"column":0},"end":{"line":14,"column":56}},"14":{"start":{"line":15,"column":0},"end":{"line":15,"column":47}},"15":{"start":{"line":16,"column":0},"end":{"line":16,"column":52}},"16":{"start":{"line":17,"column":0},"end":{"line":17,"column":47}},"18":{"start":{"line":19,"column":0},"end":{"line":19,"column":57}},"19":{"start":{"line":20,"column":0},"end":{"line":20,"column":48}},"20":{"start":{"line":21,"column":0},"end":{"line":21,"column":46}},"21":{"start":{"line":22,"column":0},"end":{"line":22,"column":41}},"23":{"start":{"line":24,"column":0},"end":{"line":24,"column":62}},"24":{"start":{"line":25,"column":0},"end":{"line":25,"column":32}},"25":{"start":{"line":26,"column":0},"end":{"line":26,"column":57}},"26":{"start":{"line":27,"column":0},"end":{"line":27,"column":55}},"27":{"start":{"line":28,"column":0},"end":{"line":28,"column":50}},"29":{"start":{"line":30,"column":0},"end":{"line":30,"column":10}},"30":{"start":{"line":31,"column":0},"end":{"line":31,"column":37}},"31":{"start":{"line":32,"column":0},"end":{"line":32,"column":144}},"32":{"start":{"line":33,"column":0},"end":{"line":33,"column":91}},"33":{"start":{"line":34,"column":0},"end":{"line":34,"column":88}},"34":{"start":{"line":35,"column":0},"end":{"line":35,"column":12}},"35":{"start":{"line":36,"column":0},"end":{"line":36,"column":145}},"36":{"start":{"line":37,"column":0},"end":{"line":37,"column":92}},"37":{"start":{"line":38,"column":0},"end":{"line":38,"column":89}},"38":{"start":{"line":39,"column":0},"end":{"line":39,"column":12}},"39":{"start":{"line":40,"column":0},"end":{"line":40,"column":140}},"40":{"start":{"line":41,"column":0},"end":{"line":41,"column":95}},"41":{"start":{"line":42,"column":0},"end":{"line":42,"column":86}},"42":{"start":{"line":43,"column":0},"end":{"line":43,"column":12}},"43":{"start":{"line":44,"column":0},"end":{"line":44,"column":10}},"45":{"start":{"line":46,"column":0},"end":{"line":46,"column":1}}},"s":{"0":0,"1":0,"3":0,"4":0,"5":0,"7":0,"8":0,"9":0,"10":0,"11":0,"13":0,"14":0,"15":0,"16":0,"18":0,"19":0,"20":0,"21":0,"23":0,"24":0,"25":0,"26":0,"27":0,"29":0,"30":0,"31":0,"32":0,"33":0,"34":0,"35":0,"36":0,"37":0,"38":0,"39":0,"40":0,"41":0,"42":0,"43":0,"45":0},"branchMap":{"0":{"type":"branch","line":1,"loc":{"start":{"line":1,"column":2672},"end":{"line":46,"column":1}},"locations":[{"start":{"line":1,"column":2672},"end":{"line":46,"column":1}}]}},"b":{"0":[0]},"fnMap":{"0":{"name":"(empty-report)","decl":{"start":{"line":1,"column":2672},"end":{"line":46,"column":1}},"loc":{"start":{"line":1,"column":2672},"end":{"line":46,"column":1}},"line":1}},"f":{"0":0}}
,"C:\\Users\\alexc\\OneDrive\\Desktop\\VibeCoder\\vibe-coder\\src\\components\\ResourceHero.tsx": {"path":"C:\\Users\\alexc\\OneDrive\\Desktop\\VibeCoder\\vibe-coder\\src\\components\\ResourceHero.tsx","all":true,"statementMap":{"0":{"start":{"line":1,"column":0},"end":{"line":1,"column":31}},"1":{"start":{"line":2,"column":0},"end":{"line":2,"column":42}},"4":{"start":{"line":5,"column":0},"end":{"line":5,"column":101}},"5":{"start":{"line":6,"column":0},"end":{"line":6,"column":55}},"6":{"start":{"line":7,"column":0},"end":{"line":7,"column":46}},"7":{"start":{"line":8,"column":0},"end":{"line":8,"column":45}},"8":{"start":{"line":9,"column":0},"end":{"line":9,"column":40}},"10":{"start":{"line":11,"column":0},"end":{"line":11,"column":10}},"11":{"start":{"line":12,"column":0},"end":{"line":12,"column":38}},"12":{"start":{"line":13,"column":0},"end":{"line":13,"column":98}},"13":{"start":{"line":14,"column":0},"end":{"line":14,"column":133}},"14":{"start":{"line":15,"column":0},"end":{"line":15,"column":16}},"15":{"start":{"line":16,"column":0},"end":{"line":16,"column":12}},"16":{"start":{"line":17,"column":0},"end":{"line":17,"column":10}},"18":{"start":{"line":19,"column":0},"end":{"line":19,"column":1}}},"s":{"0":0,"1":0,"4":0,"5":0,"6":0,"7":0,"8":0,"10":0,"11":0,"12":0,"13":0,"14":0,"15":0,"16":0,"18":0},"branchMap":{"0":{"type":"branch","line":1,"loc":{"start":{"line":1,"column":746},"end":{"line":19,"column":1}},"locations":[{"start":{"line":1,"column":746},"end":{"line":19,"column":1}}]}},"b":{"0":[0]},"fnMap":{"0":{"name":"(empty-report)","decl":{"start":{"line":1,"column":746},"end":{"line":19,"column":1}},"loc":{"start":{"line":1,"column":746},"end":{"line":19,"column":1}},"line":1}},"f":{"0":0}}
,"C:\\Users\\alexc\\OneDrive\\Desktop\\VibeCoder\\vibe-coder\\src\\components\\Sidebar.tsx": {"path":"C:\\Users\\alexc\\OneDrive\\Desktop\\VibeCoder\\vibe-coder\\src\\components\\Sidebar.tsx","all":true,"statementMap":{"0":{"start":{"line":1,"column":0},"end":{"line":1,"column":112}},"1":{"start":{"line":2,"column":0},"end":{"line":2,"column":49}},"3":{"start":{"line":4,"column":0},"end":{"line":4,"column":13}},"4":{"start":{"line":5,"column":0},"end":{"line":5,"column":56}},"5":{"start":{"line":6,"column":0},"end":{"line":6,"column":55}},"6":{"start":{"line":7,"column":0},"end":{"line":7,"column":49}},"7":{"start":{"line":8,"column":0},"end":{"line":8,"column":53}},"8":{"start":{"line":9,"column":0},"end":{"line":9,"column":49}},"9":{"start":{"line":10,"column":0},"end":{"line":10,"column":55}},"10":{"start":{"line":11,"column":0},"end":{"line":11,"column":55}},"11":{"start":{"line":12,"column":0},"end":{"line":12,"column":52}},"12":{"start":{"line":13,"column":0},"end":{"line":13,"column":52}},"13":{"start":{"line":14,"column":0},"end":{"line":14,"column":54}},"14":{"start":{"line":15,"column":0},"end":{"line":15,"column":59}},"15":{"start":{"line":16,"column":0},"end":{"line":16,"column":2}},"17":{"start":{"line":18,"column":0},"end":{"line":18,"column":106}},"18":{"start":{"line":19,"column":0},"end":{"line":19,"column":10}},"19":{"start":{"line":20,"column":0},"end":{"line":20,"column":140}},"20":{"start":{"line":21,"column":0},"end":{"line":21,"column":137}},"22":{"start":{"line":23,"column":0},"end":{"line":23,"column":11}},"23":{"start":{"line":24,"column":0},"end":{"line":24,"column":52}},"24":{"start":{"line":25,"column":0},"end":{"line":25,"column":15}},"25":{"start":{"line":26,"column":0},"end":{"line":26,"column":18}},"26":{"start":{"line":27,"column":0},"end":{"line":27,"column":70}},"27":{"start":{"line":28,"column":0},"end":{"line":28,"column":35}},"28":{"start":{"line":29,"column":0},"end":{"line":29,"column":163}},"29":{"start":{"line":30,"column":0},"end":{"line":30,"column":30}},"30":{"start":{"line":31,"column":0},"end":{"line":31,"column":90}},"31":{"start":{"line":32,"column":0},"end":{"line":32,"column":19}},"32":{"start":{"line":33,"column":0},"end":{"line":33,"column":120}},"33":{"start":{"line":34,"column":0},"end":{"line":34,"column":120}},"35":{"start":{"line":36,"column":0},"end":{"line":36,"column":28}},"36":{"start":{"line":37,"column":0},"end":{"line":37,"column":98}},"37":{"start":{"line":38,"column":0},"end":{"line":38,"column":17}},"38":{"start":{"line":39,"column":0},"end":{"line":39,"column":9}},"39":{"start":{"line":40,"column":0},"end":{"line":40,"column":10}},"41":{"start":{"line":42,"column":0},"end":{"line":42,"column":1}}},"s":{"0":0,"1":0,"3":0,"4":0,"5":0,"6":0,"7":0,"8":0,"9":0,"10":0,"11":0,"12":0,"13":0,"14":0,"15":0,"17":0,"18":0,"19":0,"20":0,"22":0,"23":0,"24":0,"25":0,"26":0,"27":0,"28":0,"29":0,"30":0,"31":0,"32":0,"33":0,"35":0,"36":0,"37":0,"38":0,"39":0,"41":0},"branchMap":{"0":{"type":"branch","line":1,"loc":{"start":{"line":1,"column":2177},"end":{"line":42,"column":1}},"locations":[{"start":{"line":1,"column":2177},"end":{"line":42,"column":1}}]}},"b":{"0":[0]},"fnMap":{"0":{"name":"(empty-report)","decl":{"start":{"line":1,"column":2177},"end":{"line":42,"column":1}},"loc":{"start":{"line":1,"column":2177},"end":{"line":42,"column":1}},"line":1}},"f":{"0":0}}
,"C:\\Users\\alexc\\OneDrive\\Desktop\\VibeCoder\\vibe-coder\\src\\components\\WelcomeBackOverlay.tsx": {"path":"C:\\Users\\alexc\\OneDrive\\Desktop\\VibeCoder\\vibe-coder\\src\\components\\WelcomeBackOverlay.tsx","all":true,"statementMap":{"1":{"start":{"line":2,"column":0},"end":{"line":2,"column":55}},"2":{"start":{"line":3,"column":0},"end":{"line":3,"column":60}},"9":{"start":{"line":10,"column":0},"end":{"line":10,"column":45}},"10":{"start":{"line":11,"column":0},"end":{"line":11,"column":41}},"11":{"start":{"line":12,"column":0},"end":{"line":12,"column":43}},"12":{"start":{"line":13,"column":0},"end":{"line":13,"column":38}},"13":{"start":{"line":14,"column":0},"end":{"line":14,"column":26}},"14":{"start":{"line":15,"column":0},"end":{"line":15,"column":53}},"15":{"start":{"line":16,"column":0},"end":{"line":16,"column":31}},"16":{"start":{"line":17,"column":0},"end":{"line":17,"column":20}},"17":{"start":{"line":18,"column":0},"end":{"line":18,"column":55}},"18":{"start":{"line":19,"column":0},"end":{"line":19,"column":48}},"19":{"start":{"line":20,"column":0},"end":{"line":20,"column":1}},"21":{"start":{"line":22,"column":0},"end":{"line":22,"column":73}},"22":{"start":{"line":23,"column":0},"end":{"line":23,"column":62}},"23":{"start":{"line":24,"column":0},"end":{"line":24,"column":62}},"25":{"start":{"line":26,"column":0},"end":{"line":26,"column":10}},"26":{"start":{"line":27,"column":0},"end":{"line":27,"column":85}},"27":{"start":{"line":28,"column":0},"end":{"line":28,"column":75}},"28":{"start":{"line":29,"column":0},"end":{"line":29,"column":88}},"30":{"start":{"line":31,"column":0},"end":{"line":31,"column":13}},"31":{"start":{"line":32,"column":0},"end":{"line":32,"column":69}},"33":{"start":{"line":34,"column":0},"end":{"line":34,"column":12}},"34":{"start":{"line":35,"column":0},"end":{"line":35,"column":54}},"35":{"start":{"line":36,"column":0},"end":{"line":36,"column":48}},"36":{"start":{"line":37,"column":0},"end":{"line":37,"column":60}},"37":{"start":{"line":38,"column":0},"end":{"line":38,"column":54}},"38":{"start":{"line":39,"column":0},"end":{"line":39,"column":47}},"39":{"start":{"line":40,"column":0},"end":{"line":40,"column":19}},"40":{"start":{"line":41,"column":0},"end":{"line":41,"column":16}},"41":{"start":{"line":42,"column":0},"end":{"line":42,"column":48}},"42":{"start":{"line":43,"column":0},"end":{"line":43,"column":63}},"43":{"start":{"line":44,"column":0},"end":{"line":44,"column":54}},"44":{"start":{"line":45,"column":0},"end":{"line":45,"column":56}},"45":{"start":{"line":46,"column":0},"end":{"line":46,"column":19}},"46":{"start":{"line":47,"column":0},"end":{"line":47,"column":16}},"47":{"start":{"line":48,"column":0},"end":{"line":48,"column":48}},"48":{"start":{"line":49,"column":0},"end":{"line":49,"column":63}},"49":{"start":{"line":50,"column":0},"end":{"line":50,"column":54}},"50":{"start":{"line":51,"column":0},"end":{"line":51,"column":46}},"51":{"start":{"line":52,"column":0},"end":{"line":52,"column":19}},"52":{"start":{"line":53,"column":0},"end":{"line":53,"column":16}},"53":{"start":{"line":54,"column":0},"end":{"line":54,"column":14}},"54":{"start":{"line":55,"column":0},"end":{"line":55,"column":15}},"55":{"start":{"line":56,"column":0},"end":{"line":56,"column":29}},"56":{"start":{"line":57,"column":0},"end":{"line":57,"column":167}},"57":{"start":{"line":58,"column":0},"end":{"line":58,"column":9}},"59":{"start":{"line":60,"column":0},"end":{"line":60,"column":17}},"60":{"start":{"line":61,"column":0},"end":{"line":61,"column":12}},"61":{"start":{"line":62,"column":0},"end":{"line":62,"column":10}},"63":{"start":{"line":64,"column":0},"end":{"line":64,"column":1}}},"s":{"1":0,"2":0,"9":0,"10":0,"11":0,"12":0,"13":0,"14":0,"15":0,"16":0,"17":0,"18":0,"19":0,"21":0,"22":0,"23":0,"25":0,"26":0,"27":0,"28":0,"30":0,"31":0,"33":0,"34":0,"35":0,"36":0,"37":0,"38":0,"39":0,"40":0,"41":0,"42":0,"43":0,"44":0,"45":0,"46":0,"47":0,"48":0,"49":0,"50":0,"51":0,"52":0,"53":0,"54":0,"55":0,"56":0,"57":0,"59":0,"60":0,"61":0,"63":0},"branchMap":{"0":{"type":"branch","line":1,"loc":{"start":{"line":1,"column":2400},"end":{"line":64,"column":1}},"locations":[{"start":{"line":1,"column":2400},"end":{"line":64,"column":1}}]}},"b":{"0":[1]},"fnMap":{"0":{"name":"(empty-report)","decl":{"start":{"line":1,"column":2400},"end":{"line":64,"column":1}},"loc":{"start":{"line":1,"column":2400},"end":{"line":64,"column":1}},"line":1}},"f":{"0":1}}
,"C:\\Users\\alexc\\OneDrive\\Desktop\\VibeCoder\\vibe-coder\\src\\components\\XpBar.tsx": {"path":"C:\\Users\\alexc\\OneDrive\\Desktop\\VibeCoder\\vibe-coder\\src\\components\\XpBar.tsx","all":true,"statementMap":{"0":{"start":{"line":1,"column":0},"end":{"line":1,"column":31}},"1":{"start":{"line":2,"column":0},"end":{"line":2,"column":71}},"3":{"start":{"line":4,"column":0},"end":{"line":4,"column":40}},"4":{"start":{"line":5,"column":0},"end":{"line":5,"column":60}},"5":{"start":{"line":6,"column":0},"end":{"line":6,"column":49}},"6":{"start":{"line":7,"column":0},"end":{"line":7,"column":48}},"8":{"start":{"line":9,"column":0},"end":{"line":9,"column":64}},"9":{"start":{"line":10,"column":0},"end":{"line":10,"column":32}},"10":{"start":{"line":11,"column":0},"end":{"line":11,"column":45}},"11":{"start":{"line":12,"column":0},"end":{"line":12,"column":66}},"12":{"start":{"line":13,"column":0},"end":{"line":13,"column":176}},"14":{"start":{"line":15,"column":0},"end":{"line":15,"column":44}},"15":{"start":{"line":16,"column":0},"end":{"line":16,"column":58}},"16":{"start":{"line":17,"column":0},"end":{"line":17,"column":81}},"18":{"start":{"line":19,"column":0},"end":{"line":19,"column":60}},"19":{"start":{"line":20,"column":0},"end":{"line":20,"column":71}},"21":{"start":{"line":22,"column":0},"end":{"line":22,"column":10}},"22":{"start":{"line":23,"column":0},"end":{"line":23,"column":125}},"23":{"start":{"line":24,"column":0},"end":{"line":24,"column":47}},"24":{"start":{"line":25,"column":0},"end":{"line":25,"column":46}},"25":{"start":{"line":26,"column":0},"end":{"line":26,"column":114}},"26":{"start":{"line":27,"column":0},"end":{"line":27,"column":90}},"27":{"start":{"line":28,"column":0},"end":{"line":28,"column":14}},"28":{"start":{"line":29,"column":0},"end":{"line":29,"column":100}},"29":{"start":{"line":30,"column":0},"end":{"line":30,"column":149}},"30":{"start":{"line":31,"column":0},"end":{"line":31,"column":14}},"31":{"start":{"line":32,"column":0},"end":{"line":32,"column":72}},"32":{"start":{"line":33,"column":0},"end":{"line":33,"column":66}},"33":{"start":{"line":34,"column":0},"end":{"line":34,"column":15}},"34":{"start":{"line":35,"column":0},"end":{"line":35,"column":72}},"35":{"start":{"line":36,"column":0},"end":{"line":36,"column":46}},"36":{"start":{"line":37,"column":0},"end":{"line":37,"column":15}},"37":{"start":{"line":38,"column":0},"end":{"line":38,"column":12}},"38":{"start":{"line":39,"column":0},"end":{"line":39,"column":10}},"40":{"start":{"line":41,"column":0},"end":{"line":41,"column":1}}},"s":{"0":0,"1":0,"3":0,"4":0,"5":0,"6":0,"8":0,"9":0,"10":0,"11":0,"12":0,"14":0,"15":0,"16":0,"18":0,"19":0,"21":0,"22":0,"23":0,"24":0,"25":0,"26":0,"27":0,"28":0,"29":0,"30":0,"31":0,"32":0,"33":0,"34":0,"35":0,"36":0,"37":0,"38":0,"40":0},"branchMap":{"0":{"type":"branch","line":1,"loc":{"start":{"line":1,"column":2145},"end":{"line":41,"column":1}},"locations":[{"start":{"line":1,"column":2145},"end":{"line":41,"column":1}}]}},"b":{"0":[0]},"fnMap":{"0":{"name":"(empty-report)","decl":{"start":{"line":1,"column":2145},"end":{"line":41,"column":1}},"loc":{"start":{"line":1,"column":2145},"end":{"line":41,"column":1}},"line":1}},"f":{"0":0}}
,"C:\\Users\\alexc\\OneDrive\\Desktop\\VibeCoder\\vibe-coder\\src\\components\\TabContent\\ArchiveTab.tsx": {"path":"C:\\Users\\alexc\\OneDrive\\Desktop\\VibeCoder\\vibe-coder\\src\\components\\TabContent\\ArchiveTab.tsx","all":true,"statementMap":{"1":{"start":{"line":2,"column":0},"end":{"line":2,"column":47}},"2":{"start":{"line":3,"column":0},"end":{"line":3,"column":43}},"3":{"start":{"line":4,"column":0},"end":{"line":4,"column":121}},"5":{"start":{"line":6,"column":0},"end":{"line":6,"column":60}},"6":{"start":{"line":7,"column":0},"end":{"line":7,"column":92}},"7":{"start":{"line":8,"column":0},"end":{"line":8,"column":2}},"9":{"start":{"line":10,"column":0},"end":{"line":10,"column":69}},"10":{"start":{"line":11,"column":0},"end":{"line":11,"column":10}},"11":{"start":{"line":12,"column":0},"end":{"line":12,"column":59}},"12":{"start":{"line":13,"column":0},"end":{"line":13,"column":34}},"13":{"start":{"line":14,"column":0},"end":{"line":14,"column":54}},"14":{"start":{"line":15,"column":0},"end":{"line":15,"column":54}},"15":{"start":{"line":16,"column":0},"end":{"line":16,"column":16}},"16":{"start":{"line":17,"column":0},"end":{"line":17,"column":14}},"17":{"start":{"line":18,"column":0},"end":{"line":18,"column":26}},"18":{"start":{"line":19,"column":0},"end":{"line":19,"column":105}},"20":{"start":{"line":21,"column":0},"end":{"line":21,"column":58}},"21":{"start":{"line":22,"column":0},"end":{"line":22,"column":89}},"22":{"start":{"line":23,"column":0},"end":{"line":23,"column":122}},"23":{"start":{"line":24,"column":0},"end":{"line":24,"column":48}},"24":{"start":{"line":25,"column":0},"end":{"line":25,"column":21}},"25":{"start":{"line":26,"column":0},"end":{"line":26,"column":18}},"26":{"start":{"line":27,"column":0},"end":{"line":27,"column":128}},"27":{"start":{"line":28,"column":0},"end":{"line":28,"column":80}},"28":{"start":{"line":29,"column":0},"end":{"line":29,"column":16}},"29":{"start":{"line":30,"column":0},"end":{"line":30,"column":27}},"30":{"start":{"line":31,"column":0},"end":{"line":31,"column":105}},"32":{"start":{"line":33,"column":0},"end":{"line":33,"column":16}},"34":{"start":{"line":35,"column":0},"end":{"line":35,"column":9}},"35":{"start":{"line":36,"column":0},"end":{"line":36,"column":10}},"37":{"start":{"line":38,"column":0},"end":{"line":38,"column":1}}},"s":{"1":0,"2":0,"3":0,"5":0,"6":0,"7":0,"9":0,"10":0,"11":0,"12":0,"13":0,"14":0,"15":0,"16":0,"17":0,"18":0,"20":0,"21":0,"22":0,"23":0,"24":0,"25":0,"26":0,"27":0,"28":0,"29":0,"30":0,"32":0,"34":0,"35":0,"37":0},"branchMap":{"0":{"type":"branch","line":1,"loc":{"start":{"line":1,"column":1680},"end":{"line":38,"column":1}},"locations":[{"start":{"line":1,"column":1680},"end":{"line":38,"column":1}}]}},"b":{"0":[1]},"fnMap":{"0":{"name":"(empty-report)","decl":{"start":{"line":1,"column":1680},"end":{"line":38,"column":1}},"loc":{"start":{"line":1,"column":1680},"end":{"line":38,"column":1}},"line":1}},"f":{"0":1}}
,"C:\\Users\\alexc\\OneDrive\\Desktop\\VibeCoder\\vibe-coder\\src\\components\\TabContent\\AscensionTab.tsx": {"path":"C:\\Users\\alexc\\OneDrive\\Desktop\\VibeCoder\\vibe-coder\\src\\components\\TabContent\\AscensionTab.tsx","all":true,"statementMap":{"0":{"start":{"line":1,"column":0},"end":{"line":1,"column":34}},"2":{"start":{"line":3,"column":0},"end":{"line":3,"column":60}},"3":{"start":{"line":4,"column":0},"end":{"line":4,"column":52}},"4":{"start":{"line":5,"column":0},"end":{"line":5,"column":52}},"15":{"start":{"line":16,"column":0},"end":{"line":16,"column":106}},"16":{"start":{"line":17,"column":0},"end":{"line":17,"column":42}},"17":{"start":{"line":18,"column":0},"end":{"line":18,"column":32}},"18":{"start":{"line":19,"column":0},"end":{"line":19,"column":54}},"19":{"start":{"line":20,"column":0},"end":{"line":20,"column":50}},"21":{"start":{"line":22,"column":0},"end":{"line":22,"column":63}},"22":{"start":{"line":23,"column":0},"end":{"line":23,"column":21}},"23":{"start":{"line":24,"column":0},"end":{"line":24,"column":55}},"24":{"start":{"line":25,"column":0},"end":{"line":25,"column":56}},"25":{"start":{"line":26,"column":0},"end":{"line":26,"column":64}},"26":{"start":{"line":27,"column":0},"end":{"line":27,"column":23}},"27":{"start":{"line":28,"column":0},"end":{"line":28,"column":55}},"28":{"start":{"line":29,"column":0},"end":{"line":29,"column":61}},"29":{"start":{"line":30,"column":0},"end":{"line":30,"column":5}},"30":{"start":{"line":31,"column":0},"end":{"line":31,"column":29}},"31":{"start":{"line":32,"column":0},"end":{"line":32,"column":15}},"32":{"start":{"line":33,"column":0},"end":{"line":33,"column":35}},"33":{"start":{"line":34,"column":0},"end":{"line":34,"column":47}},"34":{"start":{"line":35,"column":0},"end":{"line":35,"column":37}},"35":{"start":{"line":36,"column":0},"end":{"line":36,"column":57}},"36":{"start":{"line":37,"column":0},"end":{"line":37,"column":52}},"37":{"start":{"line":38,"column":0},"end":{"line":38,"column":52}},"38":{"start":{"line":39,"column":0},"end":{"line":39,"column":53}},"39":{"start":{"line":40,"column":0},"end":{"line":40,"column":86}},"40":{"start":{"line":41,"column":0},"end":{"line":41,"column":86}},"41":{"start":{"line":42,"column":0},"end":{"line":42,"column":188}},"42":{"start":{"line":43,"column":0},"end":{"line":43,"column":88}},"43":{"start":{"line":44,"column":0},"end":{"line":44,"column":93}},"44":{"start":{"line":45,"column":0},"end":{"line":45,"column":58}},"45":{"start":{"line":46,"column":0},"end":{"line":46,"column":42}},"46":{"start":{"line":47,"column":0},"end":{"line":47,"column":45}},"47":{"start":{"line":48,"column":0},"end":{"line":48,"column":6}},"48":{"start":{"line":49,"column":0},"end":{"line":49,"column":19}},"49":{"start":{"line":50,"column":0},"end":{"line":50,"column":19}},"50":{"start":{"line":51,"column":0},"end":{"line":51,"column":19}},"51":{"start":{"line":52,"column":0},"end":{"line":52,"column":35}},"52":{"start":{"line":53,"column":0},"end":{"line":53,"column":48}},"53":{"start":{"line":54,"column":0},"end":{"line":54,"column":74}},"54":{"start":{"line":55,"column":0},"end":{"line":55,"column":65}},"55":{"start":{"line":56,"column":0},"end":{"line":56,"column":4}},"57":{"start":{"line":58,"column":0},"end":{"line":58,"column":10}},"58":{"start":{"line":59,"column":0},"end":{"line":59,"column":9}},"59":{"start":{"line":60,"column":0},"end":{"line":60,"column":55}},"60":{"start":{"line":61,"column":0},"end":{"line":61,"column":98}},"61":{"start":{"line":62,"column":0},"end":{"line":62,"column":68}},"62":{"start":{"line":63,"column":0},"end":{"line":63,"column":166}},"63":{"start":{"line":64,"column":0},"end":{"line":64,"column":144}},"64":{"start":{"line":65,"column":0},"end":{"line":65,"column":158}},"65":{"start":{"line":66,"column":0},"end":{"line":66,"column":14}},"66":{"start":{"line":67,"column":0},"end":{"line":67,"column":102}},"67":{"start":{"line":68,"column":0},"end":{"line":68,"column":41}},"68":{"start":{"line":69,"column":0},"end":{"line":69,"column":226}},"70":{"start":{"line":71,"column":0},"end":{"line":71,"column":17}},"71":{"start":{"line":72,"column":0},"end":{"line":72,"column":12}},"73":{"start":{"line":74,"column":0},"end":{"line":74,"column":16}},"74":{"start":{"line":75,"column":0},"end":{"line":75,"column":120}},"75":{"start":{"line":76,"column":0},"end":{"line":76,"column":90}},"76":{"start":{"line":77,"column":0},"end":{"line":77,"column":114}},"77":{"start":{"line":78,"column":0},"end":{"line":78,"column":72}},"78":{"start":{"line":79,"column":0},"end":{"line":79,"column":164}},"79":{"start":{"line":80,"column":0},"end":{"line":80,"column":142}},"80":{"start":{"line":81,"column":0},"end":{"line":81,"column":185}},"81":{"start":{"line":82,"column":0},"end":{"line":82,"column":18}},"82":{"start":{"line":83,"column":0},"end":{"line":83,"column":40}},"83":{"start":{"line":84,"column":0},"end":{"line":84,"column":286}},"84":{"start":{"line":85,"column":0},"end":{"line":85,"column":289}},"85":{"start":{"line":86,"column":0},"end":{"line":86,"column":18}},"86":{"start":{"line":87,"column":0},"end":{"line":87,"column":16}},"87":{"start":{"line":88,"column":0},"end":{"line":88,"column":14}},"89":{"start":{"line":90,"column":0},"end":{"line":90,"column":10}},"91":{"start":{"line":92,"column":0},"end":{"line":92,"column":1}}},"s":{"0":0,"2":0,"3":0,"4":0,"15":0,"16":0,"17":0,"18":0,"19":0,"21":0,"22":0,"23":0,"24":0,"25":0,"26":0,"27":0,"28":0,"29":0,"30":0,"31":0,"32":0,"33":0,"34":0,"35":0,"36":0,"37":0,"38":0,"39":0,"40":0,"41":0,"42":0,"43":0,"44":0,"45":0,"46":0,"47":0,"48":0,"49":0,"50":0,"51":0,"52":0,"53":0,"54":0,"55":0,"57":0,"58":0,"59":0,"60":0,"61":0,"62":0,"63":0,"64":0,"65":0,"66":0,"67":0,"68":0,"70":0,"71":0,"73":0,"74":0,"75":0,"76":0,"77":0,"78":0,"79":0,"80":0,"81":0,"82":0,"83":0,"84":0,"85":0,"86":0,"87":0,"89":0,"91":0},"branchMap":{"0":{"type":"branch","line":1,"loc":{"start":{"line":1,"column":5490},"end":{"line":92,"column":1}},"locations":[{"start":{"line":1,"column":5490},"end":{"line":92,"column":1}}]}},"b":{"0":[0]},"fnMap":{"0":{"name":"(empty-report)","decl":{"start":{"line":1,"column":5490},"end":{"line":92,"column":1}},"loc":{"start":{"line":1,"column":5490},"end":{"line":92,"column":1}},"line":1}},"f":{"0":0}}
,"C:\\Users\\alexc\\OneDrive\\Desktop\\VibeCoder\\vibe-coder\\src\\components\\TabContent\\AutomationTab.tsx": {"path":"C:\\Users\\alexc\\OneDrive\\Desktop\\VibeCoder\\vibe-coder\\src\\components\\TabContent\\AutomationTab.tsx","all":true,"statementMap":{"0":{"start":{"line":1,"column":0},"end":{"line":1,"column":41}},"9":{"start":{"line":10,"column":0},"end":{"line":10,"column":24}},"10":{"start":{"line":11,"column":0},"end":{"line":11,"column":8}},"11":{"start":{"line":12,"column":0},"end":{"line":12,"column":8}},"12":{"start":{"line":13,"column":0},"end":{"line":13,"column":11}},"13":{"start":{"line":14,"column":0},"end":{"line":14,"column":4}},"17":{"start":{"line":18,"column":0},"end":{"line":18,"column":4}},"18":{"start":{"line":19,"column":0},"end":{"line":19,"column":50}},"19":{"start":{"line":20,"column":0},"end":{"line":20,"column":11}},"20":{"start":{"line":21,"column":0},"end":{"line":21,"column":38}},"21":{"start":{"line":22,"column":0},"end":{"line":22,"column":218}},"23":{"start":{"line":24,"column":0},"end":{"line":24,"column":12}},"24":{"start":{"line":25,"column":0},"end":{"line":25,"column":13}},"26":{"start":{"line":27,"column":0},"end":{"line":27,"column":10}},"27":{"start":{"line":28,"column":0},"end":{"line":28,"column":115}},"28":{"start":{"line":29,"column":0},"end":{"line":29,"column":52}},"29":{"start":{"line":30,"column":0},"end":{"line":30,"column":47}},"30":{"start":{"line":31,"column":0},"end":{"line":31,"column":26}},"31":{"start":{"line":32,"column":0},"end":{"line":32,"column":26}},"32":{"start":{"line":33,"column":0},"end":{"line":33,"column":12}},"33":{"start":{"line":34,"column":0},"end":{"line":34,"column":10}},"35":{"start":{"line":36,"column":0},"end":{"line":36,"column":1}},"37":{"start":{"line":38,"column":0},"end":{"line":38,"column":24}},"38":{"start":{"line":39,"column":0},"end":{"line":39,"column":8}},"39":{"start":{"line":40,"column":0},"end":{"line":40,"column":10}},"40":{"start":{"line":41,"column":0},"end":{"line":41,"column":8}},"41":{"start":{"line":42,"column":0},"end":{"line":42,"column":11}},"42":{"start":{"line":43,"column":0},"end":{"line":43,"column":4}},"47":{"start":{"line":48,"column":0},"end":{"line":48,"column":4}},"48":{"start":{"line":49,"column":0},"end":{"line":49,"column":10}},"49":{"start":{"line":50,"column":0},"end":{"line":50,"column":115}},"50":{"start":{"line":51,"column":0},"end":{"line":51,"column":52}},"51":{"start":{"line":52,"column":0},"end":{"line":52,"column":47}},"52":{"start":{"line":53,"column":0},"end":{"line":53,"column":31}},"53":{"start":{"line":54,"column":0},"end":{"line":54,"column":17}},"54":{"start":{"line":55,"column":0},"end":{"line":55,"column":21}},"55":{"start":{"line":56,"column":0},"end":{"line":56,"column":41}},"56":{"start":{"line":57,"column":0},"end":{"line":57,"column":221}},"58":{"start":{"line":59,"column":0},"end":{"line":59,"column":17}},"59":{"start":{"line":60,"column":0},"end":{"line":60,"column":19}},"60":{"start":{"line":61,"column":0},"end":{"line":61,"column":11}},"61":{"start":{"line":62,"column":0},"end":{"line":62,"column":12}},"62":{"start":{"line":63,"column":0},"end":{"line":63,"column":10}},"64":{"start":{"line":65,"column":0},"end":{"line":65,"column":1}},"66":{"start":{"line":67,"column":0},"end":{"line":67,"column":29}},"67":{"start":{"line":68,"column":0},"end":{"line":68,"column":8}},"68":{"start":{"line":69,"column":0},"end":{"line":69,"column":8}},"69":{"start":{"line":70,"column":0},"end":{"line":70,"column":11}},"70":{"start":{"line":71,"column":0},"end":{"line":71,"column":16}},"71":{"start":{"line":72,"column":0},"end":{"line":72,"column":6}},"72":{"start":{"line":73,"column":0},"end":{"line":73,"column":9}},"73":{"start":{"line":74,"column":0},"end":{"line":74,"column":4}},"80":{"start":{"line":81,"column":0},"end":{"line":81,"column":4}},"81":{"start":{"line":82,"column":0},"end":{"line":82,"column":52}},"82":{"start":{"line":83,"column":0},"end":{"line":83,"column":34}},"84":{"start":{"line":85,"column":0},"end":{"line":85,"column":35}},"85":{"start":{"line":86,"column":0},"end":{"line":86,"column":35}},"86":{"start":{"line":87,"column":0},"end":{"line":87,"column":8}},"87":{"start":{"line":88,"column":0},"end":{"line":88,"column":32}},"88":{"start":{"line":89,"column":0},"end":{"line":89,"column":22}},"89":{"start":{"line":90,"column":0},"end":{"line":90,"column":42}},"90":{"start":{"line":91,"column":0},"end":{"line":91,"column":7}},"91":{"start":{"line":92,"column":0},"end":{"line":92,"column":33}},"92":{"start":{"line":93,"column":0},"end":{"line":93,"column":23}},"93":{"start":{"line":94,"column":0},"end":{"line":94,"column":5}},"94":{"start":{"line":95,"column":0},"end":{"line":95,"column":4}},"96":{"start":{"line":97,"column":0},"end":{"line":97,"column":10}},"97":{"start":{"line":98,"column":0},"end":{"line":98,"column":115}},"98":{"start":{"line":99,"column":0},"end":{"line":99,"column":15}},"107":{"start":{"line":108,"column":0},"end":{"line":108,"column":16}},"108":{"start":{"line":109,"column":0},"end":{"line":109,"column":52}},"109":{"start":{"line":110,"column":0},"end":{"line":110,"column":47}},"110":{"start":{"line":111,"column":0},"end":{"line":111,"column":14}},"111":{"start":{"line":112,"column":0},"end":{"line":112,"column":23}},"112":{"start":{"line":113,"column":0},"end":{"line":113,"column":20}},"113":{"start":{"line":114,"column":0},"end":{"line":114,"column":19}},"114":{"start":{"line":115,"column":0},"end":{"line":115,"column":19}},"115":{"start":{"line":116,"column":0},"end":{"line":116,"column":23}},"116":{"start":{"line":117,"column":0},"end":{"line":117,"column":28}},"117":{"start":{"line":118,"column":0},"end":{"line":118,"column":37}},"118":{"start":{"line":119,"column":0},"end":{"line":119,"column":35}},"119":{"start":{"line":120,"column":0},"end":{"line":120,"column":12}},"120":{"start":{"line":121,"column":0},"end":{"line":121,"column":25}},"121":{"start":{"line":122,"column":0},"end":{"line":122,"column":45}},"122":{"start":{"line":123,"column":0},"end":{"line":123,"column":16}},"123":{"start":{"line":124,"column":0},"end":{"line":124,"column":41}},"124":{"start":{"line":125,"column":0},"end":{"line":125,"column":29}},"125":{"start":{"line":126,"column":0},"end":{"line":126,"column":49}},"126":{"start":{"line":127,"column":0},"end":{"line":127,"column":15}},"127":{"start":{"line":128,"column":0},"end":{"line":128,"column":50}},"128":{"start":{"line":129,"column":0},"end":{"line":129,"column":13}},"129":{"start":{"line":130,"column":0},"end":{"line":130,"column":12}},"130":{"start":{"line":131,"column":0},"end":{"line":131,"column":189}},"131":{"start":{"line":132,"column":0},"end":{"line":132,"column":10}},"132":{"start":{"line":133,"column":0},"end":{"line":133,"column":20}},"133":{"start":{"line":134,"column":0},"end":{"line":134,"column":71}},"135":{"start":{"line":136,"column":0},"end":{"line":136,"column":12}},"136":{"start":{"line":137,"column":0},"end":{"line":137,"column":10}},"138":{"start":{"line":139,"column":0},"end":{"line":139,"column":1}},"140":{"start":{"line":141,"column":0},"end":{"line":141,"column":67}},"141":{"start":{"line":142,"column":0},"end":{"line":142,"column":10}},"142":{"start":{"line":143,"column":0},"end":{"line":143,"column":31}},"143":{"start":{"line":144,"column":0},"end":{"line":144,"column":38}},"144":{"start":{"line":145,"column":0},"end":{"line":145,"column":64}},"145":{"start":{"line":146,"column":0},"end":{"line":146,"column":80}},"147":{"start":{"line":148,"column":0},"end":{"line":148,"column":15}},"148":{"start":{"line":149,"column":0},"end":{"line":149,"column":24}},"149":{"start":{"line":150,"column":0},"end":{"line":150,"column":20}},"150":{"start":{"line":151,"column":0},"end":{"line":151,"column":45}},"151":{"start":{"line":152,"column":0},"end":{"line":152,"column":28}},"152":{"start":{"line":153,"column":0},"end":{"line":153,"column":24}},"153":{"start":{"line":154,"column":0},"end":{"line":154,"column":25}},"154":{"start":{"line":155,"column":0},"end":{"line":155,"column":66}},"155":{"start":{"line":156,"column":0},"end":{"line":156,"column":16}},"157":{"start":{"line":158,"column":0},"end":{"line":158,"column":12}},"158":{"start":{"line":159,"column":0},"end":{"line":159,"column":14}},"159":{"start":{"line":160,"column":0},"end":{"line":160,"column":22}},"160":{"start":{"line":161,"column":0},"end":{"line":161,"column":26}},"161":{"start":{"line":162,"column":0},"end":{"line":162,"column":33}},"162":{"start":{"line":163,"column":0},"end":{"line":163,"column":43}},"163":{"start":{"line":164,"column":0},"end":{"line":164,"column":26}},"164":{"start":{"line":165,"column":0},"end":{"line":165,"column":22}},"165":{"start":{"line":166,"column":0},"end":{"line":166,"column":23}},"166":{"start":{"line":167,"column":0},"end":{"line":167,"column":80}},"167":{"start":{"line":168,"column":0},"end":{"line":168,"column":14}},"169":{"start":{"line":170,"column":0},"end":{"line":170,"column":10}},"170":{"start":{"line":171,"column":0},"end":{"line":171,"column":27}},"171":{"start":{"line":172,"column":0},"end":{"line":172,"column":31}},"172":{"start":{"line":173,"column":0},"end":{"line":173,"column":51}},"173":{"start":{"line":174,"column":0},"end":{"line":174,"column":17}},"174":{"start":{"line":175,"column":0},"end":{"line":175,"column":19}},"175":{"start":{"line":176,"column":0},"end":{"line":176,"column":20}},"176":{"start":{"line":177,"column":0},"end":{"line":177,"column":26}},"177":{"start":{"line":178,"column":0},"end":{"line":178,"column":22}},"178":{"start":{"line":179,"column":0},"end":{"line":179,"column":23}},"179":{"start":{"line":180,"column":0},"end":{"line":180,"column":72}},"180":{"start":{"line":181,"column":0},"end":{"line":181,"column":14}},"182":{"start":{"line":183,"column":0},"end":{"line":183,"column":10}},"183":{"start":{"line":184,"column":0},"end":{"line":184,"column":27}},"184":{"start":{"line":185,"column":0},"end":{"line":185,"column":26}},"185":{"start":{"line":186,"column":0},"end":{"line":186,"column":47}},"186":{"start":{"line":187,"column":0},"end":{"line":187,"column":23}},"187":{"start":{"line":188,"column":0},"end":{"line":188,"column":26}},"188":{"start":{"line":189,"column":0},"end":{"line":189,"column":22}},"189":{"start":{"line":190,"column":0},"end":{"line":190,"column":23}},"190":{"start":{"line":191,"column":0},"end":{"line":191,"column":68}},"191":{"start":{"line":192,"column":0},"end":{"line":192,"column":14}},"193":{"start":{"line":194,"column":0},"end":{"line":194,"column":10}},"194":{"start":{"line":195,"column":0},"end":{"line":195,"column":22}},"195":{"start":{"line":196,"column":0},"end":{"line":196,"column":30}},"196":{"start":{"line":197,"column":0},"end":{"line":197,"column":47}},"197":{"start":{"line":198,"column":0},"end":{"line":198,"column":26}},"198":{"start":{"line":199,"column":0},"end":{"line":199,"column":22}},"199":{"start":{"line":200,"column":0},"end":{"line":200,"column":23}},"200":{"start":{"line":201,"column":0},"end":{"line":201,"column":68}},"201":{"start":{"line":202,"column":0},"end":{"line":202,"column":14}},"203":{"start":{"line":204,"column":0},"end":{"line":204,"column":10}},"204":{"start":{"line":205,"column":0},"end":{"line":205,"column":12}},"206":{"start":{"line":207,"column":0},"end":{"line":207,"column":38}},"207":{"start":{"line":208,"column":0},"end":{"line":208,"column":64}},"208":{"start":{"line":209,"column":0},"end":{"line":209,"column":80}},"210":{"start":{"line":211,"column":0},"end":{"line":211,"column":15}},"211":{"start":{"line":212,"column":0},"end":{"line":212,"column":24}},"212":{"start":{"line":213,"column":0},"end":{"line":213,"column":20}},"213":{"start":{"line":214,"column":0},"end":{"line":214,"column":46}},"214":{"start":{"line":215,"column":0},"end":{"line":215,"column":28}},"215":{"start":{"line":216,"column":0},"end":{"line":216,"column":24}},"216":{"start":{"line":217,"column":0},"end":{"line":217,"column":25}},"217":{"start":{"line":218,"column":0},"end":{"line":218,"column":68}},"218":{"start":{"line":219,"column":0},"end":{"line":219,"column":16}},"220":{"start":{"line":221,"column":0},"end":{"line":221,"column":12}},"221":{"start":{"line":222,"column":0},"end":{"line":222,"column":14}},"222":{"start":{"line":223,"column":0},"end":{"line":223,"column":27}},"223":{"start":{"line":224,"column":0},"end":{"line":224,"column":31}},"224":{"start":{"line":225,"column":0},"end":{"line":225,"column":52}},"225":{"start":{"line":226,"column":0},"end":{"line":226,"column":17}},"226":{"start":{"line":227,"column":0},"end":{"line":227,"column":19}},"227":{"start":{"line":228,"column":0},"end":{"line":228,"column":20}},"228":{"start":{"line":229,"column":0},"end":{"line":229,"column":26}},"229":{"start":{"line":230,"column":0},"end":{"line":230,"column":22}},"230":{"start":{"line":231,"column":0},"end":{"line":231,"column":23}},"231":{"start":{"line":232,"column":0},"end":{"line":232,"column":74}},"232":{"start":{"line":233,"column":0},"end":{"line":233,"column":14}},"234":{"start":{"line":235,"column":0},"end":{"line":235,"column":10}},"235":{"start":{"line":236,"column":0},"end":{"line":236,"column":27}},"236":{"start":{"line":237,"column":0},"end":{"line":237,"column":30}},"237":{"start":{"line":238,"column":0},"end":{"line":238,"column":51}},"238":{"start":{"line":239,"column":0},"end":{"line":239,"column":17}},"239":{"start":{"line":240,"column":0},"end":{"line":240,"column":19}},"240":{"start":{"line":241,"column":0},"end":{"line":241,"column":20}},"241":{"start":{"line":242,"column":0},"end":{"line":242,"column":26}},"242":{"start":{"line":243,"column":0},"end":{"line":243,"column":22}},"243":{"start":{"line":244,"column":0},"end":{"line":244,"column":23}},"244":{"start":{"line":245,"column":0},"end":{"line":245,"column":73}},"245":{"start":{"line":246,"column":0},"end":{"line":246,"column":14}},"247":{"start":{"line":248,"column":0},"end":{"line":248,"column":10}},"248":{"start":{"line":249,"column":0},"end":{"line":249,"column":27}},"249":{"start":{"line":250,"column":0},"end":{"line":250,"column":26}},"250":{"start":{"line":251,"column":0},"end":{"line":251,"column":48}},"251":{"start":{"line":252,"column":0},"end":{"line":252,"column":23}},"252":{"start":{"line":253,"column":0},"end":{"line":253,"column":26}},"253":{"start":{"line":254,"column":0},"end":{"line":254,"column":22}},"254":{"start":{"line":255,"column":0},"end":{"line":255,"column":23}},"255":{"start":{"line":256,"column":0},"end":{"line":256,"column":70}},"256":{"start":{"line":257,"column":0},"end":{"line":257,"column":14}},"258":{"start":{"line":259,"column":0},"end":{"line":259,"column":10}},"259":{"start":{"line":260,"column":0},"end":{"line":260,"column":22}},"260":{"start":{"line":261,"column":0},"end":{"line":261,"column":30}},"261":{"start":{"line":262,"column":0},"end":{"line":262,"column":48}},"262":{"start":{"line":263,"column":0},"end":{"line":263,"column":26}},"263":{"start":{"line":264,"column":0},"end":{"line":264,"column":22}},"264":{"start":{"line":265,"column":0},"end":{"line":265,"column":23}},"265":{"start":{"line":266,"column":0},"end":{"line":266,"column":70}},"266":{"start":{"line":267,"column":0},"end":{"line":267,"column":14}},"268":{"start":{"line":269,"column":0},"end":{"line":269,"column":10}},"269":{"start":{"line":270,"column":0},"end":{"line":270,"column":12}},"271":{"start":{"line":272,"column":0},"end":{"line":272,"column":38}},"272":{"start":{"line":273,"column":0},"end":{"line":273,"column":64}},"273":{"start":{"line":274,"column":0},"end":{"line":274,"column":80}},"275":{"start":{"line":276,"column":0},"end":{"line":276,"column":15}},"276":{"start":{"line":277,"column":0},"end":{"line":277,"column":24}},"277":{"start":{"line":278,"column":0},"end":{"line":278,"column":20}},"278":{"start":{"line":279,"column":0},"end":{"line":279,"column":47}},"279":{"start":{"line":280,"column":0},"end":{"line":280,"column":28}},"280":{"start":{"line":281,"column":0},"end":{"line":281,"column":24}},"281":{"start":{"line":282,"column":0},"end":{"line":282,"column":25}},"282":{"start":{"line":283,"column":0},"end":{"line":283,"column":70}},"283":{"start":{"line":284,"column":0},"end":{"line":284,"column":16}},"285":{"start":{"line":286,"column":0},"end":{"line":286,"column":12}},"286":{"start":{"line":287,"column":0},"end":{"line":287,"column":14}},"287":{"start":{"line":288,"column":0},"end":{"line":288,"column":27}},"288":{"start":{"line":289,"column":0},"end":{"line":289,"column":32}},"289":{"start":{"line":290,"column":0},"end":{"line":290,"column":57}},"290":{"start":{"line":291,"column":0},"end":{"line":291,"column":17}},"291":{"start":{"line":292,"column":0},"end":{"line":292,"column":20}},"292":{"start":{"line":293,"column":0},"end":{"line":293,"column":20}},"293":{"start":{"line":294,"column":0},"end":{"line":294,"column":26}},"294":{"start":{"line":295,"column":0},"end":{"line":295,"column":22}},"295":{"start":{"line":296,"column":0},"end":{"line":296,"column":23}},"296":{"start":{"line":297,"column":0},"end":{"line":297,"column":80}},"297":{"start":{"line":298,"column":0},"end":{"line":298,"column":14}},"299":{"start":{"line":300,"column":0},"end":{"line":300,"column":10}},"300":{"start":{"line":301,"column":0},"end":{"line":301,"column":27}},"301":{"start":{"line":302,"column":0},"end":{"line":302,"column":30}},"302":{"start":{"line":303,"column":0},"end":{"line":303,"column":55}},"303":{"start":{"line":304,"column":0},"end":{"line":304,"column":17}},"304":{"start":{"line":305,"column":0},"end":{"line":305,"column":21}},"305":{"start":{"line":306,"column":0},"end":{"line":306,"column":20}},"306":{"start":{"line":307,"column":0},"end":{"line":307,"column":26}},"307":{"start":{"line":308,"column":0},"end":{"line":308,"column":22}},"308":{"start":{"line":309,"column":0},"end":{"line":309,"column":23}},"309":{"start":{"line":310,"column":0},"end":{"line":310,"column":78}},"310":{"start":{"line":311,"column":0},"end":{"line":311,"column":14}},"312":{"start":{"line":313,"column":0},"end":{"line":313,"column":10}},"313":{"start":{"line":314,"column":0},"end":{"line":314,"column":27}},"314":{"start":{"line":315,"column":0},"end":{"line":315,"column":26}},"315":{"start":{"line":316,"column":0},"end":{"line":316,"column":49}},"316":{"start":{"line":317,"column":0},"end":{"line":317,"column":23}},"317":{"start":{"line":318,"column":0},"end":{"line":318,"column":26}},"318":{"start":{"line":319,"column":0},"end":{"line":319,"column":22}},"319":{"start":{"line":320,"column":0},"end":{"line":320,"column":23}},"320":{"start":{"line":321,"column":0},"end":{"line":321,"column":72}},"321":{"start":{"line":322,"column":0},"end":{"line":322,"column":14}},"323":{"start":{"line":324,"column":0},"end":{"line":324,"column":10}},"324":{"start":{"line":325,"column":0},"end":{"line":325,"column":12}},"325":{"start":{"line":326,"column":0},"end":{"line":326,"column":10}},"327":{"start":{"line":328,"column":0},"end":{"line":328,"column":1}}},"s":{"0":0,"9":0,"10":0,"11":0,"12":0,"13":0,"17":0,"18":0,"19":0,"20":0,"21":0,"23":0,"24":0,"26":0,"27":0,"28":0,"29":0,"30":0,"31":0,"32":0,"33":0,"35":0,"37":0,"38":0,"39":0,"40":0,"41":0,"42":0,"47":0,"48":0,"49":0,"50":0,"51":0,"52":0,"53":0,"54":0,"55":0,"56":0,"58":0,"59":0,"60":0,"61":0,"62":0,"64":0,"66":0,"67":0,"68":0,"69":0,"70":0,"71":0,"72":0,"73":0,"80":0,"81":0,"82":0,"84":0,"85":0,"86":0,"87":0,"88":0,"89":0,"90":0,"91":0,"92":0,"93":0,"94":0,"96":0,"97":0,"98":0,"107":0,"108":0,"109":0,"110":0,"111":0,"112":0,"113":0,"114":0,"115":0,"116":0,"117":0,"118":0,"119":0,"120":0,"121":0,"122":0,"123":0,"124":0,"125":0,"126":0,"127":0,"128":0,"129":0,"130":0,"131":0,"132":0,"133":0,"135":0,"136":0,"138":0,"140":0,"141":0,"142":0,"143":0,"144":0,"145":0,"147":0,"148":0,"149":0,"150":0,"151":0,"152":0,"153":0,"154":0,"155":0,"157":0,"158":0,"159":0,"160":0,"161":0,"162":0,"163":0,"164":0,"165":0,"166":0,"167":0,"169":0,"170":0,"171":0,"172":0,"173":0,"174":0,"175":0,"176":0,"177":0,"178":0,"179":0,"180":0,"182":0,"183":0,"184":0,"185":0,"186":0,"187":0,"188":0,"189":0,"190":0,"191":0,"193":0,"194":0,"195":0,"196":0,"197":0,"198":0,"199":0,"200":0,"201":0,"203":0,"204":0,"206":0,"207":0,"208":0,"210":0,"211":0,"212":0,"213":0,"214":0,"215":0,"216":0,"217":0,"218":0,"220":0,"221":0,"222":0,"223":0,"224":0,"225":0,"226":0,"227":0,"228":0,"229":0,"230":0,"231":0,"232":0,"234":0,"235":0,"236":0,"237":0,"238":0,"239":0,"240":0,"241":0,"242":0,"243":0,"244":0,"245":0,"247":0,"248":0,"249":0,"250":0,"251":0,"252":0,"253":0,"254":0,"255":0,"256":0,"258":0,"259":0,"260":0,"261":0,"262":0,"263":0,"264":0,"265":0,"266":0,"268":0,"269":0,"271":0,"272":0,"273":0,"275":0,"276":0,"277":0,"278":0,"279":0,"280":0,"281":0,"282":0,"283":0,"285":0,"286":0,"287":0,"288":0,"289":0,"290":0,"291":0,"292":0,"293":0,"294":0,"295":0,"296":0,"297":0,"299":0,"300":0,"301":0,"302":0,"303":0,"304":0,"305":0,"306":0,"307":0,"308":0,"309":0,"310":0,"312":0,"313":0,"314":0,"315":0,"316":0,"317":0,"318":0,"319":0,"320":0,"321":0,"323":0,"324":0,"325":0,"327":0},"branchMap":{"0":{"type":"branch","line":1,"loc":{"start":{"line":1,"column":9181},"end":{"line":328,"column":1}},"locations":[{"start":{"line":1,"column":9181},"end":{"line":328,"column":1}}]}},"b":{"0":[0]},"fnMap":{"0":{"name":"(empty-report)","decl":{"start":{"line":1,"column":9181},"end":{"line":328,"column":1}},"loc":{"start":{"line":1,"column":9181},"end":{"line":328,"column":1}},"line":1}},"f":{"0":0}}
,"C:\\Users\\alexc\\OneDrive\\Desktop\\VibeCoder\\vibe-coder\\src\\components\\TabContent\\CloudShopTab.tsx": {"path":"C:\\Users\\alexc\\OneDrive\\Desktop\\VibeCoder\\vibe-coder\\src\\components\\TabContent\\CloudShopTab.tsx","all":true,"statementMap":{"1":{"start":{"line":2,"column":0},"end":{"line":2,"column":50}},"2":{"start":{"line":3,"column":0},"end":{"line":3,"column":51}},"3":{"start":{"line":4,"column":0},"end":{"line":4,"column":52}},"11":{"start":{"line":12,"column":0},"end":{"line":12,"column":17}},"12":{"start":{"line":13,"column":0},"end":{"line":13,"column":109}},"13":{"start":{"line":14,"column":0},"end":{"line":14,"column":101}},"14":{"start":{"line":15,"column":0},"end":{"line":15,"column":95}},"15":{"start":{"line":16,"column":0},"end":{"line":16,"column":99}},"16":{"start":{"line":17,"column":0},"end":{"line":17,"column":104}},"17":{"start":{"line":18,"column":0},"end":{"line":18,"column":114}},"18":{"start":{"line":19,"column":0},"end":{"line":19,"column":105}},"19":{"start":{"line":20,"column":0},"end":{"line":20,"column":96}},"20":{"start":{"line":21,"column":0},"end":{"line":21,"column":2}},"22":{"start":{"line":23,"column":0},"end":{"line":23,"column":46}},"23":{"start":{"line":24,"column":0},"end":{"line":24,"column":54}},"24":{"start":{"line":25,"column":0},"end":{"line":25,"column":2}},"26":{"start":{"line":27,"column":0},"end":{"line":27,"column":74}},"27":{"start":{"line":28,"column":0},"end":{"line":28,"column":68}},"28":{"start":{"line":29,"column":0},"end":{"line":29,"column":63}},"29":{"start":{"line":30,"column":0},"end":{"line":30,"column":67}},"30":{"start":{"line":31,"column":0},"end":{"line":31,"column":30}},"31":{"start":{"line":32,"column":0},"end":{"line":32,"column":19}},"32":{"start":{"line":33,"column":0},"end":{"line":33,"column":32}},"33":{"start":{"line":34,"column":0},"end":{"line":34,"column":4}},"35":{"start":{"line":36,"column":0},"end":{"line":36,"column":10}},"36":{"start":{"line":37,"column":0},"end":{"line":37,"column":31}},"37":{"start":{"line":38,"column":0},"end":{"line":38,"column":25}},"38":{"start":{"line":39,"column":0},"end":{"line":39,"column":44}},"39":{"start":{"line":40,"column":0},"end":{"line":40,"column":16}},"40":{"start":{"line":41,"column":0},"end":{"line":41,"column":22}},"41":{"start":{"line":42,"column":0},"end":{"line":42,"column":23}},"42":{"start":{"line":43,"column":0},"end":{"line":43,"column":17}},"43":{"start":{"line":44,"column":0},"end":{"line":44,"column":25}},"44":{"start":{"line":45,"column":0},"end":{"line":45,"column":50}},"45":{"start":{"line":46,"column":0},"end":{"line":46,"column":60}},"46":{"start":{"line":47,"column":0},"end":{"line":47,"column":12}},"48":{"start":{"line":49,"column":0},"end":{"line":49,"column":9}},"49":{"start":{"line":50,"column":0},"end":{"line":50,"column":10}},"51":{"start":{"line":52,"column":0},"end":{"line":52,"column":1}},"53":{"start":{"line":54,"column":0},"end":{"line":54,"column":54}},"55":{"start":{"line":56,"column":0},"end":{"line":56,"column":4}},"56":{"start":{"line":57,"column":0},"end":{"line":57,"column":41}},"57":{"start":{"line":58,"column":0},"end":{"line":58,"column":92}},"58":{"start":{"line":59,"column":0},"end":{"line":59,"column":46}},"60":{"start":{"line":61,"column":0},"end":{"line":61,"column":10}},"61":{"start":{"line":62,"column":0},"end":{"line":62,"column":106}},"62":{"start":{"line":63,"column":0},"end":{"line":63,"column":30}},"63":{"start":{"line":64,"column":0},"end":{"line":64,"column":93}},"64":{"start":{"line":65,"column":0},"end":{"line":65,"column":86}},"65":{"start":{"line":66,"column":0},"end":{"line":66,"column":97}},"66":{"start":{"line":67,"column":0},"end":{"line":67,"column":12}},"67":{"start":{"line":68,"column":0},"end":{"line":68,"column":93}},"68":{"start":{"line":69,"column":0},"end":{"line":69,"column":38}},"69":{"start":{"line":70,"column":0},"end":{"line":70,"column":36}},"70":{"start":{"line":71,"column":0},"end":{"line":71,"column":219}},"71":{"start":{"line":72,"column":0},"end":{"line":72,"column":33}},"72":{"start":{"line":73,"column":0},"end":{"line":73,"column":15}},"73":{"start":{"line":74,"column":0},"end":{"line":74,"column":10}},"75":{"start":{"line":76,"column":0},"end":{"line":76,"column":1}}},"s":{"1":0,"2":0,"3":0,"11":0,"12":0,"13":0,"14":0,"15":0,"16":0,"17":0,"18":0,"19":0,"20":0,"22":0,"23":0,"24":0,"26":0,"27":0,"28":0,"29":0,"30":0,"31":0,"32":0,"33":0,"35":0,"36":0,"37":0,"38":0,"39":0,"40":0,"41":0,"42":0,"43":0,"44":0,"45":0,"46":0,"48":0,"49":0,"51":0,"53":0,"55":0,"56":0,"57":0,"58":0,"60":0,"61":0,"62":0,"63":0,"64":0,"65":0,"66":0,"67":0,"68":0,"69":0,"70":0,"71":0,"72":0,"73":0,"75":0},"branchMap":{"0":{"type":"branch","line":1,"loc":{"start":{"line":1,"column":3250},"end":{"line":76,"column":1}},"locations":[{"start":{"line":1,"column":3250},"end":{"line":76,"column":1}}]}},"b":{"0":[1]},"fnMap":{"0":{"name":"(empty-report)","decl":{"start":{"line":1,"column":3250},"end":{"line":76,"column":1}},"loc":{"start":{"line":1,"column":3250},"end":{"line":76,"column":1}},"line":1}},"f":{"0":1}}
[...]
column":0},"end":{"line":52,"column":2}},"53":{"start":{"line":54,"column":0},"end":{"line":54,"column":54}},"54":{"start":{"line":55,"column":0},"end":{"line":55,"column":61}},"55":{"start":{"line":56,"column":0},"end":{"line":56,"column":75}},"56":{"start":{"line":57,"column":0},"end":{"line":57,"column":42}},"57":{"start":{"line":58,"column":0},"end":{"line":58,"column":2}},"59":{"start":{"line":60,"column":0},"end":{"line":60,"column":30}},"60":{"start":{"line":61,"column":0},"end":{"line":61,"column":53}},"61":{"start":{"line":62,"column":0},"end":{"line":62,"column":22}},"62":{"start":{"line":63,"column":0},"end":{"line":63,"column":14}},"63":{"start":{"line":64,"column":0},"end":{"line":64,"column":71}},"64":{"start":{"line":65,"column":0},"end":{"line":65,"column":27}},"65":{"start":{"line":66,"column":0},"end":{"line":66,"column":3}},"67":{"start":{"line":68,"column":0},"end":{"line":68,"column":44}},"69":{"start":{"line":70,"column":0},"end":{"line":70,"column":34}},"70":{"start":{"line":71,"column":0},"end":{"line":71,"column":35}},"71":{"start":{"line":72,"column":0},"end":{"line":72,"column":41}},"72":{"start":{"line":73,"column":0},"end":{"line":73,"column":5}},"73":{"start":{"line":74,"column":0},"end":{"line":74,"column":3}},"75":{"start":{"line":76,"column":0},"end":{"line":76,"column":34}},"76":{"start":{"line":77,"column":0},"end":{"line":77,"column":34}},"77":{"start":{"line":78,"column":0},"end":{"line":78,"column":41}},"78":{"start":{"line":79,"column":0},"end":{"line":79,"column":5}},"79":{"start":{"line":80,"column":0},"end":{"line":80,"column":3}},"81":{"start":{"line":82,"column":0},"end":{"line":82,"column":31}},"82":{"start":{"line":83,"column":0},"end":{"line":83,"column":30}},"83":{"start":{"line":84,"column":0},"end":{"line":84,"column":41}},"84":{"start":{"line":85,"column":0},"end":{"line":85,"column":5}},"85":{"start":{"line":86,"column":0},"end":{"line":86,"column":3}},"87":{"start":{"line":88,"column":0},"end":{"line":88,"column":37}},"88":{"start":{"line":89,"column":0},"end":{"line":89,"column":32}},"89":{"start":{"line":90,"column":0},"end":{"line":90,"column":41}},"90":{"start":{"line":91,"column":0},"end":{"line":91,"column":49}},"91":{"start":{"line":92,"column":0},"end":{"line":92,"column":63}},"92":{"start":{"line":93,"column":0},"end":{"line":93,"column":5}},"93":{"start":{"line":94,"column":0},"end":{"line":94,"column":3}},"96":{"start":{"line":97,"column":0},"end":{"line":97,"column":47}},"97":{"start":{"line":98,"column":0},"end":{"line":98,"column":40}},"98":{"start":{"line":99,"column":0},"end":{"line":99,"column":3}},"100":{"start":{"line":101,"column":0},"end":{"line":101,"column":72}},"101":{"start":{"line":102,"column":0},"end":{"line":102,"column":46}},"102":{"start":{"line":103,"column":0},"end":{"line":103,"column":3}},"104":{"start":{"line":105,"column":0},"end":{"line":105,"column":6}},"105":{"start":{"line":106,"column":0},"end":{"line":106,"column":41}},"106":{"start":{"line":107,"column":0},"end":{"line":107,"column":57}},"107":{"start":{"line":108,"column":0},"end":{"line":108,"column":5}},"108":{"start":{"line":109,"column":0},"end":{"line":109,"column":58}},"109":{"start":{"line":110,"column":0},"end":{"line":110,"column":3}},"111":{"start":{"line":112,"column":0},"end":{"line":112,"column":95}},"112":{"start":{"line":113,"column":0},"end":{"line":113,"column":57}},"113":{"start":{"line":114,"column":0},"end":{"line":114,"column":38}},"114":{"start":{"line":115,"column":0},"end":{"line":115,"column":41}},"115":{"start":{"line":116,"column":0},"end":{"line":116,"column":49}},"116":{"start":{"line":117,"column":0},"end":{"line":117,"column":7}},"117":{"start":{"line":118,"column":0},"end":{"line":118,"column":5}},"118":{"start":{"line":119,"column":0},"end":{"line":119,"column":3}},"120":{"start":{"line":121,"column":0},"end":{"line":121,"column":107}},"121":{"start":{"line":122,"column":0},"end":{"line":122,"column":51}},"122":{"start":{"line":123,"column":0},"end":{"line":123,"column":61}},"123":{"start":{"line":124,"column":0},"end":{"line":124,"column":90}},"124":{"start":{"line":125,"column":0},"end":{"line":125,"column":102}},"125":{"start":{"line":126,"column":0},"end":{"line":126,"column":122}},"126":{"start":{"line":127,"column":0},"end":{"line":127,"column":71}},"127":{"start":{"line":128,"column":0},"end":{"line":128,"column":5}},"128":{"start":{"line":129,"column":0},"end":{"line":129,"column":90}},"129":{"start":{"line":130,"column":0},"end":{"line":130,"column":55}},"130":{"start":{"line":131,"column":0},"end":{"line":131,"column":5}},"131":{"start":{"line":132,"column":0},"end":{"line":132,"column":79}},"132":{"start":{"line":133,"column":0},"end":{"line":133,"column":63}},"133":{"start":{"line":134,"column":0},"end":{"line":134,"column":5}},"134":{"start":{"line":135,"column":0},"end":{"line":135,"column":3}},"136":{"start":{"line":137,"column":0},"end":{"line":137,"column":110}},"137":{"start":{"line":138,"column":0},"end":{"line":138,"column":53}},"138":{"start":{"line":139,"column":0},"end":{"line":139,"column":62}},"139":{"start":{"line":140,"column":0},"end":{"line":140,"column":91}},"140":{"start":{"line":141,"column":0},"end":{"line":141,"column":103}},"141":{"start":{"line":142,"column":0},"end":{"line":142,"column":122}},"142":{"start":{"line":143,"column":0},"end":{"line":143,"column":72}},"143":{"start":{"line":144,"column":0},"end":{"line":144,"column":5}},"144":{"start":{"line":145,"column":0},"end":{"line":145,"column":119}},"145":{"start":{"line":146,"column":0},"end":{"line":146,"column":70}},"146":{"start":{"line":147,"column":0},"end":{"line":147,"column":5}},"147":{"start":{"line":148,"column":0},"end":{"line":148,"column":79}},"148":{"start":{"line":149,"column":0},"end":{"line":149,"column":64}},"149":{"start":{"line":150,"column":0},"end":{"line":150,"column":5}},"150":{"start":{"line":151,"column":0},"end":{"line":151,"column":3}},"152":{"start":{"line":153,"column":0},"end":{"line":153,"column":113}},"153":{"start":{"line":154,"column":0},"end":{"line":154,"column":55}},"154":{"start":{"line":155,"column":0},"end":{"line":155,"column":63}},"155":{"start":{"line":156,"column":0},"end":{"line":156,"column":92}},"156":{"start":{"line":157,"column":0},"end":{"line":157,"column":89}},"157":{"start":{"line":158,"column":0},"end":{"line":158,"column":81}},"158":{"start":{"line":159,"column":0},"end":{"line":159,"column":5}},"159":{"start":{"line":160,"column":0},"end":{"line":160,"column":85}},"160":{"start":{"line":161,"column":0},"end":{"line":161,"column":77}},"161":{"start":{"line":162,"column":0},"end":{"line":162,"column":5}},"162":{"start":{"line":163,"column":0},"end":{"line":163,"column":79}},"163":{"start":{"line":164,"column":0},"end":{"line":164,"column":65}},"164":{"start":{"line":165,"column":0},"end":{"line":165,"column":5}},"165":{"start":{"line":166,"column":0},"end":{"line":166,"column":3}},"167":{"start":{"line":168,"column":0},"end":{"line":168,"column":16}},"168":{"start":{"line":169,"column":0},"end":{"line":169,"column":1}}},"s":{"2":1,"4":1,"5":1922,"7":1,"8":1612,"10":1,"11":52,"13":1,"14":1612,"16":1,"17":416,"18":416,"19":416,"21":1,"22":1,"23":1,"24":1,"25":1,"26":1,"27":1,"28":1,"29":1,"30":1,"31":1,"32":1,"34":1,"35":1,"36":1,"38":1,"39":1,"40":1,"42":1,"43":1,"44":1,"45":1,"46":1,"47":1,"48":1,"49":1,"50":1,"51":1,"53":1,"54":1,"55":1,"56":1,"57":1,"59":1,"60":52,"61":52,"62":52,"63":52,"64":0,"65":0,"67":52,"69":52,"70":1560,"71":962,"72":962,"73":1560,"75":52,"76":52,"77":33,"78":33,"79":52,"81":52,"82":1612,"83":989,"84":989,"85":1612,"87":52,"88":416,"89":255,"90":416,"91":11,"92":11,"93":416,"96":52,"97":1,"98":1,"100":52,"101":33,"102":33,"104":52,"105":52,"106":32,"107":52,"108":32,"109":32,"111":52,"112":33,"113":33,"114":429,"115":416,"116":416,"117":429,"118":33,"120":52,"121":33,"122":33,"123":33,"124":33,"125":33,"126":32,"127":32,"128":33,"129":31,"130":31,"131":33,"132":32,"133":32,"134":33,"136":52,"137":32,"138":32,"139":32,"140":32,"141":32,"142":32,"143":32,"144":32,"145":32,"146":32,"147":32,"148":32,"149":32,"150":32,"152":52,"153":32,"154":32,"155":32,"156":32,"157":32,"158":32,"159":32,"160":32,"161":32,"162":32,"163":32,"164":32,"165":32,"167":52,"168":52},"branchMap":{"0":{"type":"branch","line":5,"loc":{"start":{"line":5,"column":20},"end":{"line":6,"column":46}},"locations":[{"start":{"line":5,"column":20},"end":{"line":6,"column":46}}]},"1":{"type":"branch","line":6,"loc":{"start":{"line":6,"column":15},"end":{"line":6,"column":46}},"locations":[{"start":{"line":6,"column":15},"end":{"line":6,"column":46}}]},"2":{"type":"branch","line":8,"loc":{"start":{"line":8,"column":20},"end":{"line":9,"column":27}},"locations":[{"start":{"line":8,"column":20},"end":{"line":9,"column":27}}]},"3":{"type":"branch","line":9,"loc":{"start":{"line":9,"column":15},"end":{"line":9,"column":27}},"locations":[{"start":{"line":9,"column":15},"end":{"line":9,"column":27}}]},"4":{"type":"branch","line":11,"loc":{"start":{"line":11,"column":19},"end":{"line":12,"column":27}},"locations":[{"start":{"line":11,"column":19},"end":{"line":12,"column":27}}]},"5":{"type":"branch","line":12,"loc":{"start":{"line":12,"column":15},"end":{"line":12,"column":27}},"locations":[{"start":{"line":12,"column":15},"end":{"line":12,"column":27}}]},"6":{"type":"branch","line":14,"loc":{"start":{"line":14,"column":15},"end":{"line":15,"column":25}},"locations":[{"start":{"line":14,"column":15},"end":{"line":15,"column":25}}]},"7":{"type":"branch","line":17,"loc":{"start":{"line":17,"column":17},"end":{"line":20,"column":102}},"locations":[{"start":{"line":17,"column":17},"end":{"line":20,"column":102}}]},"8":{"type":"branch","line":18,"loc":{"start":{"line":18,"column":15},"end":{"line":18,"column":41}},"locations":[{"start":{"line":18,"column":15},"end":{"line":18,"column":41}}]},"9":{"type":"branch","line":18,"loc":{"start":{"line":18,"column":33},"end":{"line":18,"column":61}},"locations":[{"start":{"line":18,"column":33},"end":{"line":18,"column":61}}]},"10":{"type":"branch","line":18,"loc":{"start":{"line":18,"column":57},"end":{"line":19,"column":38}},"locations":[{"start":{"line":18,"column":57},"end":{"line":19,"column":38}}]},"11":{"type":"branch","line":19,"loc":{"start":{"line":19,"column":26},"end":{"line":19,"column":72}},"locations":[{"start":{"line":19,"column":26},"end":{"line":19,"column":72}}]},"12":{"type":"branch","line":19,"loc":{"start":{"line":19,"column":66},"end":{"line":19,"column":91}},"locations":[{"start":{"line":19,"column":66},"end":{"line":19,"column":91}}]},"13":{"type":"branch","line":19,"loc":{"start":{"line":19,"column":87},"end":{"line":20,"column":38}},"locations":[{"start":{"line":19,"column":87},"end":{"line":20,"column":38}}]},"14":{"type":"branch","line":20,"loc":{"start":{"line":20,"column":26},"end":{"line":20,"column":72}},"locations":[{"start":{"line":20,"column":26},"end":{"line":20,"column":72}}]},"15":{"type":"branch","line":20,"loc":{"start":{"line":20,"column":67},"end":{"line":20,"column":102}},"locations":[{"start":{"line":20,"column":67},"end":{"line":20,"column":102}}]},"16":{"type":"branch","line":60,"loc":{"start":{"line":60,"column":7},"end":{"line":169,"column":1}},"locations":[{"start":{"line":60,"column":7},"end":{"line":169,"column":1}}]},"17":{"type":"branch","line":64,"loc":{"start":{"line":64,"column":70},"end":{"line":66,"column":3}},"locations":[{"start":{"line":64,"column":70},"end":{"line":66,"column":3}}]},"18":{"type":"branch","line":70,"loc":{"start":{"line":70,"column":33},"end":{"line":74,"column":3}},"locations":[{"start":{"line":70,"column":33},"end":{"line":74,"column":3}}]},"19":{"type":"branch","line":71,"loc":{"start":{"line":71,"column":34},"end":{"line":73,"column":5}},"locations":[{"start":{"line":71,"column":34},"end":{"line":73,"column":5}}]},"20":{"type":"branch","line":77,"loc":{"start":{"line":77,"column":33},"end":{"line":79,"column":5}},"locations":[{"start":{"line":77,"column":33},"end":{"line":79,"column":5}}]},"21":{"type":"branch","line":82,"loc":{"start":{"line":82,"column":30},"end":{"line":86,"column":3}},"locations":[{"start":{"line":82,"column":30},"end":{"line":86,"column":3}}]},"22":{"type":"branch","line":83,"loc":{"start":{"line":83,"column":29},"end":{"line":85,"column":5}},"locations":[{"start":{"line":83,"column":29},"end":{"line":85,"column":5}}]},"23":{"type":"branch","line":88,"loc":{"start":{"line":88,"column":36},"end":{"line":94,"column":3}},"locations":[{"start":{"line":88,"column":36},"end":{"line":94,"column":3}}]},"24":{"type":"branch","line":89,"loc":{"start":{"line":89,"column":31},"end":{"line":91,"column":15}},"locations":[{"start":{"line":89,"column":31},"end":{"line":91,"column":15}}]},"25":{"type":"branch","line":91,"loc":{"start":{"line":91,"column":4},"end":{"line":93,"column":5}},"locations":[{"start":{"line":91,"column":4},"end":{"line":93,"column":5}}]},"26":{"type":"branch","line":91,"loc":{"start":{"line":91,"column":48},"end":{"line":93,"column":5}},"locations":[{"start":{"line":91,"column":48},"end":{"line":93,"column":5}}]},"27":{"type":"branch","line":97,"loc":{"start":{"line":97,"column":46},"end":{"line":99,"column":3}},"locations":[{"start":{"line":97,"column":46},"end":{"line":99,"column":3}}]},"28":{"type":"branch","line":101,"loc":{"start":{"line":101,"column":32},"end":{"line":101,"column":71}},"locations":[{"start":{"line":101,"column":32},"end":{"line":101,"column":71}}]},"29":{"type":"branch","line":101,"loc":{"start":{"line":101,"column":71},"end":{"line":103,"column":3}},"locations":[{"start":{"line":101,"column":71},"end":{"line":103,"column":3}}]},"30":{"type":"branch","line":106,"loc":{"start":{"line":106,"column":37},"end":{"line":107,"column":57}},"locations":[{"start":{"line":106,"column":37},"end":{"line":107,"column":57}}]},"31":{"type":"branch","line":108,"loc":{"start":{"line":108,"column":4},"end":{"line":110,"column":3}},"locations":[{"start":{"line":108,"column":4},"end":{"line":110,"column":3}}]},"32":{"type":"branch","line":112,"loc":{"start":{"line":112,"column":13},"end":{"line":112,"column":62}},"locations":[{"start":{"line":112,"column":13},"end":{"line":112,"column":62}}]},"33":{"type":"branch","line":112,"loc":{"start":{"line":112,"column":50},"end":{"line":112,"column":94}},"locations":[{"start":{"line":112,"column":50},"end":{"line":112,"column":94}}]},"34":{"type":"branch","line":112,"loc":{"start":{"line":112,"column":94},"end":{"line":119,"column":3}},"locations":[{"start":{"line":112,"column":94},"end":{"line":119,"column":3}}]},"35":{"type":"branch","line":114,"loc":{"start":{"line":114,"column":37},"end":{"line":118,"column":5}},"locations":[{"start":{"line":114,"column":37},"end":{"line":118,"column":5}}]},"36":{"type":"branch","line":115,"loc":{"start":{"line":115,"column":40},"end":{"line":117,"column":7}},"locations":[{"start":{"line":115,"column":40},"end":{"line":117,"column":7}}]},"37":{"type":"branch","line":121,"loc":{"start":{"line":121,"column":13},"end":{"line":121,"column":70}},"locations":[{"start":{"line":121,"column":13},"end":{"line":121,"column":70}}]},"38":{"type":"branch","line":121,"loc":{"start":{"line":121,"column":58},"end":{"line":121,"column":106}},"locations":[{"start":{"line":121,"column":58},"end":{"line":121,"column":106}}]},"39":{"type":"branch","line":121,"loc":{"start":{"line":121,"column":106},"end":{"line":135,"column":3}},"locations":[{"start":{"line":121,"column":106},"end":{"line":135,"column":3}}]},"40":{"type":"branch","line":125,"loc":{"start":{"line":125,"column":46},"end":{"line":125,"column":102}},"locations":[{"start":{"line":125,"column":46},"end":{"line":125,"column":102}}]},"41":{"type":"branch","line":126,"loc":{"start":{"line":126,"column":38},"end":{"line":126,"column":83}},"locations":[{"start":{"line":126,"column":38},"end":{"line":126,"column":83}}]},"42":{"type":"branch","line":126,"loc":{"start":{"line":126,"column":77},"end":{"line":126,"column":121}},"locations":[{"start":{"line":126,"column":77},"end":{"line":126,"column":121}}]},"43":{"type":"branch","line":126,"loc":{"start":{"line":126,"column":121},"end":{"line":128,"column":5}},"locations":[{"start":{"line":126,"column":121},"end":{"line":128,"column":5}}]},"44":{"type":"branch","line":129,"loc":{"start":{"line":129,"column":30},"end":{"line":129,"column":89}},"locations":[{"start":{"line":129,"column":30},"end":{"line":129,"column":89}}]},"45":{"type":"branch","line":129,"loc":{"start":{"line":129,"column":58},"end":{"line":129,"column":89}},"locations":[{"start":{"line":129,"column":58},"end":{"line":129,"column":89}}]},"46":{"type":"branch","line":129,"loc":{"start":{"line":129,"column":89},"end":{"line":131,"column":5}},"locations":[{"start":{"line":129,"column":89},"end":{"line":131,"column":5}}]},"47":{"type":"branch","line":132,"loc":{"start":{"line":132,"column":34},"end":{"line":132,"column":78}},"locations":[{"start":{"line":132,"column":34},"end":{"line":132,"column":78}}]},"48":{"type":"branch","line":132,"loc":{"start":{"line":132,"column":78},"end":{"line":134,"column":5}},"locations":[{"start":{"line":132,"column":78},"end":{"line":134,"column":5}}]},"49":{"type":"branch","line":137,"loc":{"start":{"line":137,"column":13},"end":{"line":137,"column":72}},"locations":[{"start":{"line":137,"column":13},"end":{"line":137,"column":72}}]},"50":{"type":"branch","line":137,"loc":{"start":{"line":137,"column":60},"end":{"line":137,"column":109}},"locations":[{"start":{"line":137,"column":60},"end":{"line":137,"column":109}}]},"51":{"type":"branch","line":137,"loc":{"start":{"line":137,"column":109},"end":{"line":151,"column":3}},"locations":[{"start":{"line":137,"column":109},"end":{"line":151,"column":3}}]},"52":{"type":"branch","line":153,"loc":{"start":{"line":153,"column":13},"end":{"line":153,"column":74}},"locations":[{"start":{"line":153,"column":13},"end":{"line":153,"column":74}}]},"53":{"type":"branch","line":153,"loc":{"start":{"line":153,"column":62},"end":{"line":153,"column":112}},"locations":[{"start":{"line":153,"column":62},"end":{"line":153,"column":112}}]},"54":{"type":"branch","line":153,"loc":{"start":{"line":153,"column":112},"end":{"line":166,"column":3}},"locations":[{"start":{"line":153,"column":112},"end":{"line":166,"column":3}}]}},"b":{"0":[1922],"1":[1286],"2":[1612],"3":[997],"4":[52],"5":[33],"6":[1612],"7":[416],"8":[256],"9":[255],"10":[255],"11":[255],"12":[255],"13":[255],"14":[255],"15":[255],"16":[52],"17":[0],"18":[1560],"19":[962],"20":[33],"21":[1612],"22":[989],"23":[416],"24":[255],"25":[161],"26":[11],"27":[1],"28":[33],"29":[33],"30":[32],"31":[32],"32":[33],"33":[33],"34":[33],"35":[429],"36":[416],"37":[34],"38":[33],"39":[33],"40":[32],"41":[32],"42":[32],"43":[32],"44":[32],"45":[2],"46":[31],"47":[32],"48":[32],"49":[32],"50":[32],"51":[32],"52":[32],"53":[32],"54":[32]},"fnMap":{"0":{"name":"isFiniteNum","decl":{"start":{"line":5,"column":20},"end":{"line":6,"column":46}},"loc":{"start":{"line":5,"column":20},"end":{"line":6,"column":46}},"line":5},"1":{"name":"isPosOrZero","decl":{"start":{"line":8,"column":20},"end":{"line":9,"column":27}},"loc":{"start":{"line":8,"column":20},"end":{"line":9,"column":27}},"line":8},"2":{"name":"isPosOrOne","decl":{"start":{"line":11,"column":19},"end":{"line":12,"column":27}},"loc":{"start":{"line":11,"column":19},"end":{"line":12,"column":27}},"line":11},"3":{"name":"isBool","decl":{"start":{"line":14,"column":15},"end":{"line":15,"column":25}},"loc":{"start":{"line":14,"column":15},"end":{"line":15,"column":25}},"line":14},"4":{"name":"isBigNum","decl":{"start":{"line":17,"column":17},"end":{"line":20,"column":102}},"loc":{"start":{"line":17,"column":17},"end":{"line":20,"column":102}},"line":17},"5":{"name":"validateState","decl":{"start":{"line":60,"column":7},"end":{"line":169,"column":1}},"loc":{"start":{"line":60,"column":7},"end":{"line":169,"column":1}},"line":60}},"f":{"0":1922,"1":1612,"2":52,"3":1612,"4":416,"5":52}}
}
